H8S,H8/300 SERIES C/C++ COMPILER (Ver. 3.0C)     28-Mar-2001  17:35:41  PAGE   1

************ OBJECT LISTING ************

FILE NAME: .\src\resetprg.c

SCT OFFSET CODE       C LABEL     INSTRUCTION OPERAND    COMMENT

  PResetPRG                                              ; section
                     1:    /********************************************************************
                     2:    *       【香港地下鉄向け自動列車放送制御装置】                                                  *
                     3:    *-------------------------------------------------------------------*
                     4:    *       初期設定モジュール                                                                                              *
                     5:    *-------------------------------------------------------------------*
                     6:    *       Author          TOA Corporation                                                                 *
                     7:    *                                                                                                                                       *
                     8:    *       Revision        a00. 2000/06/27         K.Honda                                                 *
                     9:    *                               a01. 2001/02/13         1M -> 4M RAM に伴い,
                    10:                                                                            起動時に２ｍＳ以上のウェイトを追加
                    11:    *                                                                                                                                       *
                    12:    *********************************************************************/
                    13:    
                    14:    /***********************************************************************/
                    15:    /*                                                                     */
                    16:    /*  FILE        :resetprg.c                                            */
                    17:    /*  DATE        :Thu, Jul 27, 2000                                     */
                    18:    /*  DESCRIPTION :Reset Program                                         */
                    19:    /*  CPU TYPE    :H8/3002                                               */
                    20:    /*                                                                     */
                    21:    /*  This file is generated by Hitachi Project Generator (Ver.1.1).     */
                    22:    /*                                                                     */
                    23:    /***********************************************************************/
                    24:                      
                    25:    
                    26:    
                    27:    #include        <machine.h>
                    28:    #include        "iodefine.h"
                    29:    
                    30:    #include        "table.h"
                    31:    
                    32:    //#include      <stddef.h>                                      // Remove the comment when you use errno
                    33:    //#include      <stdlib.h>                                      // Remove the comment when you use rand()
                    34:    
                    35:    #pragma stacksize       4096
                    36:    
                    37:    #pragma entry PowerON_Reset        
                    38:    
                    39:    extern void main(void);
                    40:    
                    41:    #ifdef __cplusplus
                    42:    extern "C" {
                    43:    #endif
                    44:    extern void _INITSCT(void);
                    45:    #ifdef __cplusplus
                    46:    }
                    47:    #endif
                    48:    
                    49:    #ifdef __cplusplus                              // Use SIM I/O
                    50:    extern "C" {
                    51:    #endif
                    52:    extern void _INIT_IOLIB(void);
                    53:    extern void _CLOSEALL(void);
                    54:    #ifdef __cplusplus
                    55:    }
                    56:    #endif
                    57:    
                    58:    //extern void srand(unsigned int);      // Remove the comment when you use rand()
                    59:    //extern char *_s1ptr;                          // Remove the comment when you use strtok()
                    60:                    
                    61:    #ifdef __cplusplus                              // Use Hardware Setup
                    62:    extern "C" {
                    63:    #endif
                    64:    extern void HardwareSetup(void);
                    65:    #ifdef __cplusplus
                    66:    }
                    67:    #endif
                    68:            
                    69:    #pragma section ResetPRG
                    70:    
                    71:    void PowerON_Reset(void);
                    72:    void PowerON_Reset(void)
    000000              _PowerON_Reset:                  ; function: PowerON_Reset
    000000 7A07                   MOV.L       #STARTOF S+SIZEOF S:32,SP
           <00000000>   
                    73:    { 
                    74:            or_ccr(0xC0);                           // 全面割り込み禁止
    000006 04C0                   ORC.B       #-64:8,CCR
                    75:            set_imask_ccr(1);
    000008 0480                   ORC.B       #-128:8,CCR
                    76:    
                    77:            P8.DDR = 0xFE;          // CS3 Enable
    00000A F8FE                   MOV.B       #-2:8,R0L
    00000C 38CD                   MOV.B       R0L,@16777165:8
                    78:    
                    79:                            // ２ｍＳ以上のウェイト
                    80:                    ITU0.TCR.BYTE = 0;
    00000E 1888                   SUB.B       R0L,R0L
    000010 3864                   MOV.B       R0L,@16777060:8
                    81:                    ITU0.TCR.BIT.TPSC = 2;          /* Φ／４クロック */
    000012 2864                   MOV.B       @16777060:8,R0L
    000014 E8F8                   AND.B       #-8:8,R0L
    000016 C802                   OR.B        #2:8,R0L
    000018 3864                   MOV.B       R0L,@16777060:8
                    82:                    ITU0.TIOR.BYTE = 0;                     /* コンペアマッチによる出力禁止 */
    00001A 1888                   SUB.B       R0L,R0L
    00001C 3865                   MOV.B       R0L,@16777061:8
                    83:                    ITU0.TIER.BYTE = 0;
    00001E 3866                   MOV.B       R0L,@16777062:8
                    84:    
                    85:                    ITU0.TCNT = 0;                          /* カウンタークリア */
    000020 79000000               MOV.W       #0:16,R0
    000024 3068                   MOV.B       R0H,@16777064:8
    000026 3869                   MOV.B       R0L,@16777065:8
                    86:                                                                                    /* 14.7456MHz -> Φ
                    87:                                                                                    Φ／４ = 3.6864MHz
                    88:                                                                                    0.27126uS
                    89:                                                                                    2mS / 0.27126uS = 0x1CCC
                    90:                                                                            */
                    91:                    /** タイマースタート **/
                    92:                    ITU.TSTR.BYTE = 0;
    000028 1888                   SUB.B       R0L,R0L
    00002A 3860                   MOV.B       R0L,@16777056:8
                    93:                    ITU.TSTR.BIT.STR0 = 1;
    00002C 7F607000               BSET.B      #0,@16777056:8
                    94:    
                    95:                    while( ITU0.TCNT<0x2000 )       // 2.2mS 程度
    000030              L59:                              
    000030 2068                   MOV.B       @16777064:8,R0H
    000032 2869                   MOV.B       @16777065:8,R0L
    000034 79202000               CMP.W       #8192:16,R0
    000038 45F6                   BCS         L59:8
                    96:                            ;
                    97:                    ITU.TSTR.BYTE = 0;
    00003A 1888                   SUB.B       R0L,R0L
    00003C 3860                   MOV.B       R0L,@16777056:8
                    98:    
                    99:            _INITSCT();
    00003E 5E                     JSR         @__INITSCT:24
           <000000>     
                   100:    
                   101:            HardwareSetup();                                // Use Hardware Setup
    000042 5E                     JSR         @_HardwareSetup:24
           <000000>     
                   102:    
                   103:            _INIT_IOLIB();                                  // Use SIM I/O
    000046 5E                     JSR         @__INIT_IOLIB:24
           <000000>     
                   104:    
                   105:            main();
    00004A 5E                     JSR         @_main:24
           <000000>     
                   106:    
                   107:            _CLOSEALL();                                    // Use SIM I/O
    00004E 5E                     JSR         @__CLOSEALL:24
           <000000>     
                   108:            
                   109:            sleep();
    000052 0180                   SLEEP
                   110:    }
    000054 5470                   RTS
                   111:    
                   112:    void Manual_Reset(void); 
                   113:    void Manual_Reset(void)
    000056              _Manual_Reset:                   ; function: Manual_Reset
                   114:    {
                   115:    }
    000056 5470                   RTS
                   116:    
                   117:    //  vector 11 TRAP
                   118:    void    INT_TRAP4(void) {
    000058              _INT_TRAP4:                      ; function: INT_TRAP4
                   119:                    long            l;
                   120:                    int                     i;
                   121:    
                   122:                    DUALBOOT.address = 0;
    000058 1A80                   SUB.L       ER0,ER0
    00005A F800                   MOV.B       #0:8,R0L
    00005C 6AA0001800             MOV.B       R0H,@1572866:24
           02           
    000062 6AA8001800             MOV.B       R0L,@1572867:24
           03           
    000068 0D80                   MOV.W       E0,R0
    00006A 6AA0001800             MOV.B       R0H,@1572864:24
           00           
    000070 6AA8001800             MOV.B       R0L,@1572865:24
           01           
                   123:                    set_imask_ccr(1);
    000076 0480                   ORC.B       #-128:8,CCR
                   124:                    i=2;
                   125:                    for( l=0; l<1000000L; l++ ){
    000078 7A00000F42             MOV.L       #1000000:32,ER0
           40           
    00007E              L61:                              
    00007E 1B70                   DEC.L       #1,ER0
    000080 46FC                   BNE         L61:8
                   126:                            i= i*2;
                   127:                    }
                   128:                    sleep();
    000082 0180                   SLEEP
                   129:    }
    000084 5470                   RTS
  S                                                      ; section
    000000 00001000               .RES.W      2048
                   130:    


H8S,H8/300 SERIES C/C++ COMPILER (Ver. 3.0C)     28-Mar-2001  17:35:41  PAGE   1

******* SECTION SIZE INFORMATION *******

PROGRAM  SECTION(P):                                0x00000000 Byte(s)
PROGRAM  SECTION(PResetPRG):                        0x00000086 Byte(s)
CONSTANT SECTION(C):                                0x00000000 Byte(s)
DATA     SECTION(D):                                0x00000000 Byte(s)
BSS      SECTION(B):                                0x00000000 Byte(s)
STACK    SECTION(S):                                0x00001000 Byte(s)

TOTAL PROGRAM  SECTION: 0x00000086 Byte(s)
TOTAL CONSTANT SECTION: 0x00000000 Byte(s)
TOTAL DATA     SECTION: 0x00000000 Byte(s)
TOTAL BSS      SECTION: 0x00000000 Byte(s)
TOTAL STACK    SECTION: 0x00001000 Byte(s)

    TOTAL PROGRAM SIZE: 0x00001086 Byte(s)



** ASSEMBLER/LINKAGE EDITOR LIMITS INFORMATION **

NUMBER OF EXTERNAL REFERENCE  SYMBOLS:        5 
NUMBER OF EXTERNAL DEFINITION SYMBOLS:        3 
NUMBER OF INTERNAL/EXTERNAL SYMBOLS:         10 



**** COMPILE CONDITION INFORMATION ****

COMMAND LINE: -cpu=300ha:24 -debug -list -show=object -chgincpath -pack=1 -lang=c -include=.\inc\,..\COMMINC\ .\src\resetprg.c -object=.\obj\resetprg.obj
CPU         : 300ha:24
