H8S,H8/300 SERIES C/C++ COMPILER (Ver. 3.0C)     25-Aug-2025  10:22:14  PAGE   1

************ OBJECT LISTING ************

FILE NAME: .¥src¥dvaio.c

SCT OFFSET CODE       C LABEL     INSTRUCTION OPERAND    COMMENT

  P                                                      ; section
                     1:    /********************************************************************
                     2:    *       【香港地下鉄向け自動列車放送制御装置】                                                  *
                     3:    *-------------------------------------------------------------------*
                     4:    *       通信制御モジュール                                                                                              *
                     5:    *-------------------------------------------------------------------*
                     6:    *       Author          TOA Corporation                                                                 *
                     7:    *                                                                                                                                       *
                     8:    *       Revision        a00. 2000/06/27         K.Honda                                                 *
                     9:    *                                                                                                                                       *
                    10:    *********************************************************************/
                    11:    
                    12:    #include    <machine.h>
                    13:    #include    "iodefine.h"
                    14:    
                    15:    #include    "table.h"
                    16:    
                    17:    
                    18:    /*@@@S*/
                    19:    /*❺❺❺❺❺❺❺❺❺❺❺❺❺❺❺❺❺❺❺❺❺❺❺❺❺❺❺❺❺❺❺❺❺❺❺❺❺❺
                    20:            グローバル変数
                    21:    ❺❺❺❺❺❺❺❺❺❺❺❺❺❺❺❺❺❺❺❺❺❺❺❺❺❺❺❺❺❺❺❺❺❺❺❺❺❺*/
                    22:    
                    23:    struct st_ReadSIGNAL nowSignal;                 // 最新読みだし値
                    24:    
                    25:    /*❺❺❺❺❺❺❺❺❺❺❺❺❺❺❺❺❺❺❺❺❺❺❺❺❺❺❺❺❺❺❺❺❺❺❺❺❺❺
                    26:            定数定義
                    27:    ❺❺❺❺❺❺❺❺❺❺❺❺❺❺❺❺❺❺❺❺❺❺❺❺❺❺❺❺❺❺❺❺❺❺❺❺❺❺*/
                    28:    
                    29:    /*❺❺❺❺❺❺❺❺❺❺❺❺❺❺❺❺❺❺❺❺❺❺❺❺❺❺❺❺❺❺❺❺❺❺❺❺❺❺
                    30:            構造体定義
                    31:    ❺❺❺❺❺❺❺❺❺❺❺❺❺❺❺❺❺❺❺❺❺❺❺❺❺❺❺❺❺❺❺❺❺❺❺❺❺❺*/
                    32:    
                    33:    /*❺❺❺❺❺❺❺❺❺❺❺❺❺❺❺❺❺❺❺❺❺❺❺❺❺❺❺❺❺❺❺❺❺❺❺❺❺❺
                    34:            テーブル
                    35:    ❺❺❺❺❺❺❺❺❺❺❺❺❺❺❺❺❺❺❺❺❺❺❺❺❺❺❺❺❺❺❺❺❺❺❺❺❺❺*/
                    36:    
                    37:    /*❺❺❺❺❺❺❺❺❺❺❺❺❺❺❺❺❺❺❺❺❺❺❺❺❺❺❺❺❺❺❺❺❺❺❺❺❺❺
                    38:                    外部参照
                    39:    ❺❺❺❺❺❺❺❺❺❺❺❺❺❺❺❺❺❺❺❺❺❺❺❺❺❺❺❺❺❺❺❺❺❺❺❺❺❺*/
                    40:    
                    41:    /*❺❺❺❺❺❺❺❺❺❺❺❺❺❺❺❺❺❺❺❺❺❺❺❺❺❺❺❺❺❺❺❺❺❺❺❺❺❺
                    42:                    ローカル変数
                    43:    ❺❺❺❺❺❺❺❺❺❺❺❺❺❺❺❺❺❺❺❺❺❺❺❺❺❺❺❺❺❺❺❺❺❺❺❺❺❺*/
                    44:    
                    45:    static  struct st_ReadSIGNAL    befSignal;
                    46:    static  struct st_WriteSIGNAL   outSignal;
                    47:    
                    48:    /*@@@E*/
                    49:    /************************************************************************
                    50:    *                                                                                                                                               *
                    51:    *       Function name   << dvaIOIn >>   
                    52:    *                                       接点入力
                    53:    *       Syntax                  dvaIOIn( void );
                    54:    *       Argument                none                                                                                            *
                    55:    *       Author                  TOA Corporation  K.Honda                                                        *
                    56:    *       Revision                a00 2000/06/27                                                                          *
                    57:    *                                                                                                                                               *
                    58:    *************************************************************************/
                    59:    void    dvaIOIn(void)
    000000              _dvaIOIn:                        ; function: dvaIOIn
    000000 1B97                   SUBS.L      #4,SP
                    60:    {
                    61:                    struct st_ReadSIGNAL signal;
                    62:    
                    63:                            // 現在の接点情報を読み込む
                    64:                    signal.SIGNAL1.BYTE = IOSIGNAL1.BYTE;
    000002 6A28006002             MOV.B       @6291968:24,R0L
           00           
    000008 6EF80001               MOV.B       R0L,@(1:16,SP)
                    65:                    signal.SIGNAL2.BYTE = IOSIGNAL2.BYTE;
    00000C 6A28006003             MOV.B       @6292224:24,R0L
           00           
    000012 6EF80002               MOV.B       R0L,@(2:16,SP)
                    66:                    signal.SIGNAL3.BYTE = IOSIGNAL3.BYTE;
    000016 6A28006004             MOV.B       @6292480:24,R0L
           00           
    00001C 6EF80003               MOV.B       R0L,@(3:16,SP)
                    67:    
                    68:                    if( signal.SIGNAL1.BYTE!=befSignal.SIGNAL1.BYTE ){
    000020 6E780001               MOV.B       @(1:16,SP),R0L
    000024 6A2900                 MOV.B       @_$befSignal:24,R1L
           <000000>     
    00002A 1C98                   CMP.B       R1L,R0L
    00002C 470C                   BEQ         L62:8
                    69:                            // 前回と違うときは、前回値を更新する
                    70:                            befSignal.SIGNAL1.BYTE = signal.SIGNAL1.BYTE;
    00002E 6E780001               MOV.B       @(1:16,SP),R0L
    000032 6AA800                 MOV.B       R0L,@_$befSignal:24
           <000000>     
    000038 400A                   BRA         L63:8
    00003A              L62:                              
                    71:                    }
                    72:                    else {
                    73:                            // 現在の接点情報を公開する
                    74:                            nowSignal.SIGNAL1.BYTE = signal.SIGNAL1.BYTE;
    00003A 6E780001               MOV.B       @(1:16,SP),R0L
    00003E 6AA800                 MOV.B       R0L,@_nowSignal:24
           <000000>     
    000044              L63:                              
                    75:                    }
                    76:    
                    77:                    if( signal.SIGNAL2.BYTE!=befSignal.SIGNAL2.BYTE ){
    000044 6E780002               MOV.B       @(2:16,SP),R0L
    000048 6A2900                 MOV.B       @_$befSignal+1:24,R1L
           <000000>     
    00004E 1C98                   CMP.B       R1L,R0L
    000050 470C                   BEQ         L64:8
                    78:                            // 前回と違うときは、前回値を更新する
                    79:                            befSignal.SIGNAL2.BYTE = signal.SIGNAL2.BYTE;
    000052 6E780002               MOV.B       @(2:16,SP),R0L
    000056 6AA800                 MOV.B       R0L,@_$befSignal+1:24
           <000000>     
    00005C 400A                   BRA         L65:8
    00005E              L64:                              
                    80:                    }
                    81:                    else {
                    82:                            // 現在の接点情報を公開する
                    83:                            nowSignal.SIGNAL2.BYTE = signal.SIGNAL2.BYTE;
    00005E 6E780002               MOV.B       @(2:16,SP),R0L
    000062 6AA800                 MOV.B       R0L,@_nowSignal+1:24
           <000000>     
    000068              L65:                              
                    84:                    }
                    85:    
                    86:                    if( signal.SIGNAL3.BYTE!=befSignal.SIGNAL3.BYTE ){
    000068 6E780003               MOV.B       @(3:16,SP),R0L
    00006C 6A2900                 MOV.B       @_$befSignal+2:24,R1L
           <000000>     
    000072 1C98                   CMP.B       R1L,R0L
    000074 470C                   BEQ         L66:8
                    87:                            // 前回と違うときは、前回値を更新する
                    88:                            befSignal.SIGNAL3.BYTE = signal.SIGNAL3.BYTE;
    000076 6E780003               MOV.B       @(3:16,SP),R0L
    00007A 6AA800                 MOV.B       R0L,@_$befSignal+2:24
           <000000>     
    000080 400A                   BRA         L67:8
    000082              L66:                              
                    89:                    }
                    90:                    else {
                    91:                            // 現在の接点情報を公開する
                    92:                            nowSignal.SIGNAL3.BYTE = signal.SIGNAL3.BYTE;
    000082 6E780003               MOV.B       @(3:16,SP),R0L
    000086 6AA800                 MOV.B       R0L,@_nowSignal+2:24
           <000000>     
    00008C              L67:                              
                    93:                    }
                    94:    }
    00008C 0B97                   ADDS.L      #4,SP
    00008E 5470                   RTS
                    95:    
                    96:    /************************************************************************
                    97:    *                                                                                                                                               *
                    98:    *       Function name   << dvaIOOut >>                                                                          *
                    99:    *                                       Ｉ／Ｏ出力情報設定関数                                                          *
                   100:    *       Syntax                  dvaIOOut( onbit, offbit );                                                      *
                   101:    *       Argument                none                                                                                            *
                   102:    *       Author                  TOA Corporation  K.Honda                                                        *
                   103:    *       Revision                a00 2000/06/27                                                                          *
                   104:    *                                                                                                                                               *
                   105:    *************************************************************************/
                   106:    void dvaIOOut( unsigned short onbit, unsigned short offbit )
    000090              _dvaIOOut:                       ; function: dvaIOOut
    000090 5E                     JSR         @$sp_regsv$3:24
           <000000>     
                   107:    {
    000094 0D86                   MOV.W       E0,R6
                   108:                    outSignal.SIGNAL1.BYTE &= ‾((unsigned char)(offbit>>8));
    000096 0C69                   MOV.B       R6H,R1L
    000098 1811                   SUB.B       R1H,R1H
    00009A 1751                   EXTU.W      R1
    00009C 1711                   NOT.W       R1
    00009E 7A02                   MOV.L       #_$outSignal:32,ER2
           <00000000>   
    0000A4 682B                   MOV.B       @ER2,R3L
    0000A6 169B                   AND.B       R1L,R3L
    0000A8 68AB                   MOV.B       R3L,@ER2
                   109:                    outSignal.SIGNAL2.BYTE &= ‾((unsigned char)(offbit));
    0000AA 1756                   EXTU.W      R6
    0000AC 1716                   NOT.W       R6
    0000AE 7A01                   MOV.L       #_$outSignal+1:32,ER1
           <00000000>   
    0000B4 681A                   MOV.B       @ER1,R2L
    0000B6 16EA                   AND.B       R6L,R2L
    0000B8 689A                   MOV.B       R2L,@ER1
                   110:    
                   111:                    outSignal.SIGNAL1.BYTE |= (unsigned char)(onbit>>8);
    0000BA 0D01                   MOV.W       R0,R1
    0000BC 0C19                   MOV.B       R1H,R1L
    0000BE 7A02                   MOV.L       #_$outSignal:32,ER2
           <00000000>   
    0000C4 682B                   MOV.B       @ER2,R3L
    0000C6 149B                   OR.B        R1L,R3L
    0000C8 68AB                   MOV.B       R3L,@ER2
                   112:                    outSignal.SIGNAL2.BYTE |= (unsigned char)(onbit);
    0000CA 0D01                   MOV.W       R0,R1
    0000CC 7A02                   MOV.L       #_$outSignal+1:32,ER2
           <00000000>   
    0000D2 682B                   MOV.B       @ER2,R3L
    0000D4 149B                   OR.B        R1L,R3L
    0000D6 68AB                   MOV.B       R3L,@ER2
                   113:    
                   114:                    IOSIGNAL1.BYTE = outSignal.SIGNAL1.BYTE;
    0000D8 6A2900                 MOV.B       @_$outSignal:24,R1L
           <000000>     
    0000DE 6AA9006002             MOV.B       R1L,@6291968:24
           00           
                   115:                    IOSIGNAL2.BYTE = ‾outSignal.SIGNAL2.BYTE;
    0000E4 6A2900                 MOV.B       @_$outSignal+1:24,R1L
           <000000>     
    0000EA 1709                   NOT.B       R1L
    0000EC 6AA9006003             MOV.B       R1L,@6292224:24
           00           
                   116:    }
    0000F2 5A                     JMP         @$spregld2$3:24
           <000000>     
                   117:    
                   118:    
                   119:    /*@@@E*/
  B                                                      ; section
    000000              _nowSignal:                      ; static: nowSignal
    000000 00000003               .RES.B      3
    000003              _$befSignal:                     ; static: befSignal
    000003 00000003               .RES.B      3
    000006              _$outSignal:                     ; static: outSignal
    000006 00000002               .RES.B      2


H8S,H8/300 SERIES C/C++ COMPILER (Ver. 3.0C)     25-Aug-2025  10:22:14  PAGE   1

******* SECTION SIZE INFORMATION *******

PROGRAM  SECTION(P):                                0x000000F6 Byte(s)
CONSTANT SECTION(C):                                0x00000000 Byte(s)
DATA     SECTION(D):                                0x00000000 Byte(s)
BSS      SECTION(B):                                0x00000008 Byte(s)

TOTAL PROGRAM  SECTION: 0x000000F6 Byte(s)
TOTAL CONSTANT SECTION: 0x00000000 Byte(s)
TOTAL DATA     SECTION: 0x00000000 Byte(s)
TOTAL BSS      SECTION: 0x00000008 Byte(s)

    TOTAL PROGRAM SIZE: 0x000000FE Byte(s)



** ASSEMBLER/LINKAGE EDITOR LIMITS INFORMATION **

NUMBER OF EXTERNAL REFERENCE  SYMBOLS:        2 
NUMBER OF EXTERNAL DEFINITION SYMBOLS:        3 
NUMBER OF INTERNAL/EXTERNAL SYMBOLS:         13 



**** COMPILE CONDITION INFORMATION ****

COMMAND LINE: -cpu=300ha:24 -debug -list -show=object -chgincpath -pack=1 -lang=c -include=.¥inc¥,.¥inc¥,.¥inc¥ .¥src¥dvaio.c -object=.¥obj¥dvaio.obj
CPU         : 300ha:24
