H8S,H8/300 SERIES C/C++ COMPILER (Ver. 3.0C)     24-Nov-2000  08:50:49  PAGE   1

************ OBJECT LISTING ************

FILE NAME: .\src\dbsct.c

SCT OFFSET CODE       C LABEL     INSTRUCTION OPERAND    COMMENT

                     1:    /***********************************************************************/
                     2:    /*                                                                     */
                     3:    /*  FILE        :dbsct.c                                               */
                     4:    /*  DATE        :Thu, Jul 27, 2000                                     */
                     5:    /*  DESCRIPTION :Setting of B,R Section                                */
                     6:    /*  CPU TYPE    :H8/3002                                               */
                     7:    /*                                                                     */
                     8:    /*  This file is generated by Hitachi Project Generator (Ver.1.1).     */
                     9:    /*                                                                     */
                    10:    /***********************************************************************/
                    11:                      
                    12:    
                    13:    
                    14:    #pragma section $DSEC
                    15:    static const struct {
                    16:            char *rom_s;       /* Start address of the initialized data section in ROM */
                    17:            char *rom_e;       /* End address of the initialized data section in ROM   */
                    18:            char *ram_s;       /* Start address of the initialized data section in RAM */
                    19:    }DTBL[]= {
                    20:            {__sectop("D"), __secend("D"), __sectop("R")},
                    21:    //      {__sectop("$ABS8D"), __secend("$ABS8D"), __sectop("$ABS8R")},
                    22:    //      {__sectop("$ABS16D") , __secend("$ABS16D") , __sectop("$ABS16R") }
                    23:    };
                    24:    #pragma section $BSEC
                    25:    static const struct {
                    26:            char *b_s;         /* Start address of non-initialized data section */
                    27:            char *b_e;         /* End address of non-initialized data section */
                    28:    }BTBL[]= {
                    29:            {__sectop("B"), __secend("B")},
                    30:    //      {__sectop("$ABS8B"), __secend("$ABS8B")},
                    31:    //      {__sectop("$ABS16B"), __secend("$ABS16B")}
                    32:    };
  C$DSEC                                                 ; section
    000000              _$DTBL:                          ; static: DTBL
    000000 <00000000>             .DATA.L     STARTOF D,STARTOF D+SIZEOF D,STARTOF R
           <00000000>   
           <00000000>   
  C$BSEC                                                 ; section
    000000              _$BTBL:                          ; static: BTBL
    000000 <00000000>             .DATA.L     STARTOF B,STARTOF B+SIZEOF B
           <00000000>   
  D                                                      ; section
  R                                                      ; section
  B                                                      ; section


H8S,H8/300 SERIES C/C++ COMPILER (Ver. 3.0C)     24-Nov-2000  08:50:49  PAGE   1

******* SECTION SIZE INFORMATION *******

PROGRAM  SECTION(P):                                0x00000000 Byte(s)
CONSTANT SECTION(C):                                0x00000000 Byte(s)
CONSTANT SECTION(C$DSEC):                           0x0000000C Byte(s)
CONSTANT SECTION(C$BSEC):                           0x00000008 Byte(s)
DATA     SECTION(D):                                0x00000000 Byte(s)
BSS      SECTION(B):                                0x00000000 Byte(s)

TOTAL PROGRAM  SECTION: 0x00000000 Byte(s)
TOTAL CONSTANT SECTION: 0x00000014 Byte(s)
TOTAL DATA     SECTION: 0x00000000 Byte(s)
TOTAL BSS      SECTION: 0x00000000 Byte(s)

    TOTAL PROGRAM SIZE: 0x00000014 Byte(s)



** ASSEMBLER/LINKAGE EDITOR LIMITS INFORMATION **

NUMBER OF EXTERNAL REFERENCE  SYMBOLS:        0 
NUMBER OF EXTERNAL DEFINITION SYMBOLS:        0 
NUMBER OF INTERNAL/EXTERNAL SYMBOLS:          2 



**** COMPILE CONDITION INFORMATION ****

COMMAND LINE: -cpu=300ha:24 -debug -list -show=object -chgincpath -pack=1 -lang=c -include=.\inc\,..\comminc\ .\src\dbsct.c -object=.\obj\dbsct.obj
CPU         : 300ha:24
