H8S,H8/300 SERIES C/C++ COMPILER (Ver. 3.0C)     19-Feb-2001  21:28:34  PAGE   1

************ OBJECT LISTING ************

FILE NAME: .\src\resetprg.c

SCT OFFSET CODE       C LABEL     INSTRUCTION OPERAND    COMMENT

  PResetPRG                                              ; section
                     1:    /***********************************************************************/
                     2:    /*                                                                     */
                     3:    /*  FILE        :resetprg.c                                            */
                     4:    /*  DATE        :Thu, Jul 27, 2000                                     */
                     5:    /*  DESCRIPTION :Reset Program                                         */
                     6:    /*  CPU TYPE    :H8/3002                                               */
                     7:    /*                                                                     */
                     8:    /*  This file is generated by Hitachi Project Generator (Ver.1.1).     */
                     9:    /*                                                                     */
                    10:    /***********************************************************************/
                    11:                      
                    12:    
                    13:    
                    14:    #include        <machine.h>
                    15:    #include        "iodefine.h"
                    16:    
                    17:    //#include      <stddef.h>                                      // Remove the comment when you use errno
                    18:    //#include      <stdlib.h>                                      // Remove the comment when you use rand()
                    19:    
                    20:    #pragma stacksize       4096
                    21:    
                    22:    #pragma entry PowerON_Reset        
                    23:    
                    24:    extern void main(void);
                    25:    
                    26:    #ifdef __cplusplus
                    27:    extern "C" {
                    28:    #endif
                    29:    extern void _INITSCT(void);
                    30:    #ifdef __cplusplus
                    31:    }
                    32:    #endif
                    33:    
                    34:    #ifdef __cplusplus                              // Use SIM I/O
                    35:    extern "C" {
                    36:    #endif
                    37:    extern void _INIT_IOLIB(void);
                    38:    extern void _CLOSEALL(void);
                    39:    #ifdef __cplusplus
                    40:    }
                    41:    #endif
                    42:    
                    43:    //extern void srand(unsigned int);      // Remove the comment when you use rand()
                    44:    //extern char *_s1ptr;                          // Remove the comment when you use strtok()
                    45:                    
                    46:    #ifdef __cplusplus                              // Use Hardware Setup
                    47:    extern "C" {
                    48:    #endif
                    49:    extern void HardwareSetup(void);
                    50:    #ifdef __cplusplus
                    51:    }
                    52:    #endif
                    53:            
                    54:    #pragma section ResetPRG
                    55:    
                    56:    void PowerON_Reset(void);
                    57:    void PowerON_Reset(void)
    000000              _PowerON_Reset:                  ; function: PowerON_Reset
    000000 7A07                   MOV.L       #STARTOF S+SIZEOF S:32,SP
           <00000000>   
                    58:    { 
                    59:            or_ccr(0xC0);                           // 全面割り込み禁止
    000006 04C0                   ORC.B       #-64:8,CCR
                    60:            set_imask_ccr(1);
    000008 0480                   ORC.B       #-128:8,CCR
                    61:    
                    62:            P8.DDR = 0xFE;          // CS3 Enable
    00000A F8FE                   MOV.B       #-2:8,R0L
    00000C 38CD                   MOV.B       R0L,@16777165:8
                    63:    
                    64:            HardwareSetup();                                // Use Hardware Setup
    00000E 5E                     JSR         @_HardwareSetup:24
           <000000>     
                    65:    
                    66:            _INITSCT();
    000012 5E                     JSR         @__INITSCT:24
           <000000>     
                    67:    
                    68:            main();
    000016 5E                     JSR         @_main:24
           <000000>     
                    69:    
                    70:            sleep();
    00001A 0180                   SLEEP
                    71:    }
    00001C 5470                   RTS
                    72:    
                    73:    void Manual_Reset(void); 
                    74:    void Manual_Reset(void)
    00001E              _Manual_Reset:                   ; function: Manual_Reset
                    75:    {
                    76:    }
    00001E 5470                   RTS
                    77:    
                    78:    
                    79:    /** プログラムブート時のマップ **/
                    80:    struct st_dualboot{
                    81:                    unsigned long   address;                /* Boot Address */
                    82:                    unsigned long   len;                    /* Boot length */
                    83:                    unsigned char   data[2030];             /* Boot Data */
                    84:                    unsigned short  check_time;
                    85:                    unsigned short  check_date;
                    86:                    unsigned long   check_all_bytes;
                    87:                    unsigned char   ack;                    /*  0=Boot Request, 1=Initial Ack, 2=Data Ack, 3=Reboot Ack */
                    88:                    unsigned char   request;                /*  0=None, 1=Initial, 2=Data, 3=Reboot */
                    89:    };
                    90:    #define DUALBOOT2   (*(volatile struct st_dualboot *)0x0C0000) /* Dual Port Address*/
                    91:    
                    92:    //  vector 11 TRAP
                    93:    void    INT_TRAP4(void) {
    000020              _INT_TRAP4:                      ; function: INT_TRAP4
                    94:                    long            l;
                    95:                    int                     i;
                    96:    
                    97:                    set_imask_ccr(1);
    000020 0480                   ORC.B       #-128:8,CCR
                    98:                    DUALBOOT2.ack = 0xFF;           /* HALTing */
    000022 F8FF                   MOV.B       #-1:8,R0L
    000024 6AA8000C07             MOV.B       R0L,@788478:24
           FE           
                    99:                    i=2;
                   100:                    for( l=0; l<10000; l++ ){
    00002A 7A00000027             MOV.L       #10000:32,ER0
           10           
    000030              L59:                              
    000030 1B70                   DEC.L       #1,ER0
    000032 46FC                   BNE         L59:8
                   101:                            i= i*2;
                   102:                    }
                   103:                    sleep();
    000034 0180                   SLEEP
                   104:    }
    000036 5470                   RTS
  S                                                      ; section
    000000 00001000               .RES.W      2048
                   105:    


H8S,H8/300 SERIES C/C++ COMPILER (Ver. 3.0C)     19-Feb-2001  21:28:34  PAGE   1

******* SECTION SIZE INFORMATION *******

PROGRAM  SECTION(P):                                0x00000000 Byte(s)
PROGRAM  SECTION(PResetPRG):                        0x00000038 Byte(s)
CONSTANT SECTION(C):                                0x00000000 Byte(s)
DATA     SECTION(D):                                0x00000000 Byte(s)
BSS      SECTION(B):                                0x00000000 Byte(s)
STACK    SECTION(S):                                0x00001000 Byte(s)

TOTAL PROGRAM  SECTION: 0x00000038 Byte(s)
TOTAL CONSTANT SECTION: 0x00000000 Byte(s)
TOTAL DATA     SECTION: 0x00000000 Byte(s)
TOTAL BSS      SECTION: 0x00000000 Byte(s)
TOTAL STACK    SECTION: 0x00001000 Byte(s)

    TOTAL PROGRAM SIZE: 0x00001038 Byte(s)



** ASSEMBLER/LINKAGE EDITOR LIMITS INFORMATION **

NUMBER OF EXTERNAL REFERENCE  SYMBOLS:        3 
NUMBER OF EXTERNAL DEFINITION SYMBOLS:        3 
NUMBER OF INTERNAL/EXTERNAL SYMBOLS:          7 



**** COMPILE CONDITION INFORMATION ****

COMMAND LINE: -cpu=300ha:24 -debug -list -show=object -chgincpath -pack=1 -lang=c -include=.\inc\,..\comminc\ .\src\resetprg.c -object=.\obj\resetprg.obj
CPU         : 300ha:24
