H8S,H8/300 SERIES C/C++ COMPILER (Ver. 3.0C)     24-Nov-2000  08:50:51  PAGE   1

************ OBJECT LISTING ************

FILE NAME: .\src\vecttbl.c

SCT OFFSET CODE       C LABEL     INSTRUCTION OPERAND    COMMENT

                     1:    /***********************************************************************/
                     2:    /*                                                                     */
                     3:    /*  FILE        :vecttbl.c                                             */
                     4:    /*  DATE        :Thu, Jul 27, 2000                                     */
                     5:    /*  DESCRIPTION :Initialize of Vector Table                            */
                     6:    /*  CPU TYPE    :H8/3002                                               */
                     7:    /*                                                                     */
                     8:    /*  This file is generated by Hitachi Project Generator (Ver.1.1).     */
                     9:    /*                                                                     */
                    10:    /***********************************************************************/
                    11:                      
                    12:    
                    13:    
                    14:    #include    "vect.h"
                    15:                    
                    16:    #pragma section VECTTBL
                    17:    void *RESET_Vectors[] = {
                    18:    //;<<VECTOR DATA START (POWER ON RESET)>>
                    19:    //;0 Power On Reset 
                    20:            PowerON_Reset                                                                                                                           
                    21:    //;<<VECTOR DATA END (POWER ON RESET)>>
                    22:    };
                    23:    #pragma section INTTBL
                    24:    void *INT_Vectors[] = {
                    25:            // 1 Reserved
                    26:            (void *) Dummy,
                    27:            // 2 Reserved
                    28:            (void *) Dummy,
                    29:            // 3 Reserved
                    30:            (void *) Dummy,
                    31:            // 4 Reserved
                    32:            (void *) Dummy,
                    33:            // 5 Reserved 
                    34:            (void *) Dummy,
                    35:            // 6 Reserved
                    36:            (void *) Dummy,
                    37:            // 7 NMI 
                    38:            (void *) INT_NMI,
                    39:            // 8 TRAP
                    40:            (void *) INT_TRAP1,
                    41:            // 9 TRAP
                    42:            (void *) INT_TRAP2,
                    43:            // 10 TRAP
                    44:            (void *) INT_TRAP3,
                    45:            // 11 TRAP
                    46:            (void *) INT_TRAP4,
                    47:            // 12 IRQ0
                    48:            (void *) INT_IRQ0,
                    49:            // 13 IRQ1
                    50:            (void *) INT_IRQ1,
                    51:            // 14 IRQ2
                    52:            (void *) INT_IRQ2,
                    53:            // 15 IRQ3
                    54:            (void *) INT_IRQ3,
                    55:            // 16 IRQ4
                    56:            (void *) INT_IRQ4,
                    57:            // 17 IRQ5
                    58:            (void *) INT_IRQ5,
                    59:            // 18 Reserved
                    60:            (void *) Dummy,
                    61:            // 19 Reserved
                    62:            (void *) Dummy,
                    63:            // 20 WOVI
                    64:            (void *) INT_WOVI,
                    65:            // 21 CMI
                    66:            (void *) INT_CMI,
                    67:            // 22 Reserved
                    68:            (void *) Dummy,
                    69:            // 23 Reserved
                    70:            (void *) Dummy,
                    71:            // 24 IMIA0
                    72:            (void *) INT_IMIA0,
                    73:            // 25 IMIB0
                    74:            (void *) INT_IMIB0,
                    75:            // 26 OVI0
                    76:            (void *) INT_OVI0,
                    77:            // 27 Reserved
                    78:            (void *) Dummy,
                    79:            // 28 IMIA1
                    80:            (void *) INT_IMIA1,
                    81:            // 29 IMIB1
                    82:            (void *) INT_IMIB1,
                    83:            // 30 OVI1
                    84:            (void *) INT_OVI1,
                    85:            // 31 Reserved
                    86:            (void *) Dummy,
                    87:            // 32 IMIA2
                    88:            (void *) INT_IMIA2,
                    89:            // 33 IMIB2
                    90:            (void *) INT_IMIB2,
                    91:            // 34 OVI2
                    92:            (void *) INT_OVI2,
                    93:            // 35 Reserved
                    94:            (void *) Dummy,
                    95:            // 36 IMIA3
                    96:            (void *) INT_IMIA3,
                    97:            // 37 IMIB3
                    98:            (void *) INT_IMIB3,
                    99:            // 38 OVI3
                   100:            (void *) INT_OVI3,
                   101:            // 39 Reserved
                   102:            (void *) Dummy,
                   103:            // 40 IMIA4
                   104:            (void *) INT_IMIA4,
                   105:            // 41 IMIB4
                   106:            (void *) INT_IMIB4,
                   107:            // 42 OVI4
                   108:            (void *) INT_OVI4,
                   109:            // 43 Reserved
                   110:            (void *) Dummy,
                   111:            // 44 DEND0A
                   112:            (void *) INT_DEND0A,
                   113:            // 45 DEND0B
                   114:            (void *) INT_DEND0B,
                   115:            // 46 DEND1A
                   116:            (void *) INT_DEND1A,
                   117:            // 47 DEND1B
                   118:            (void *) INT_DEND1B,
                   119:            // 48 Reserved
                   120:            (void *) Dummy,
                   121:            // 49 Reserved
                   122:            (void *) Dummy,
                   123:            // 50 Reserved
                   124:            (void *) Dummy,
                   125:            // 51 Reserved
                   126:            (void *) Dummy,
                   127:            // 52 ERI0
                   128:            (void *) INT_ERI0,
                   129:            // 53 RXI0
                   130:            (void *) INT_RXI0,
                   131:            // 54 TXI0
                   132:            (void *) INT_TXI0,
                   133:            // 55 TEI0
                   134:            (void *) INT_TEI0,
                   135:            // 56 ERI1
                   136:            (void *) INT_ERI1,
                   137:            // 57 RXI1
                   138:            (void *) INT_RXI1,
                   139:            // 58 TXI1
                   140:            (void *) INT_TXI1,
                   141:            // 59 TEI1
                   142:            (void *) INT_TEI1,
                   143:            // 60 ADI
                   144:            (void *) INT_ADI
                   145:    };
  DVECTTBL                                               ; section
    000000              _RESET_Vectors:                  ; static: RESET_Vectors
    000000 <00000000>             .DATA.L     _PowerON_Reset
  DINTTBL                                                ; section
    000000              _INT_Vectors:                    ; static: INT_Vectors
    000000 <00000000>             .DATA.L     _Dummy,_Dummy,_Dummy,_Dummy,_Dummy,_Dummy,_INT_NMI,_INT_TRAP1,_INT_TRAP2,_INT_TRAP3,_INT_TRAP4,_INT_IRQ0,_INT_IRQ1,_INT_IRQ2,_INT_IRQ3,_INT_IRQ4,_INT_IRQ5,_Dummy,_Dummy,_INT_WOVI,_INT_CMI,_Dummy,_Dummy,_INT_IMIA0,_INT_IMIB0,_INT_OVI0,_Dummy,_INT_IMIA1,_INT_IMIB1,_INT_OVI1,_Dummy,_INT_IMIA2,_INT_IMIB2,_INT_OVI2,_Dummy,_INT_IMIA3,_INT_IMIB3,_INT_OVI3,_Dummy,_INT_IMIA4,_INT_IMIB4,_INT_OVI4,_Dummy,_INT_DEND0A,_INT_DEND0B,_INT_DEND1A,_INT_DEND1B,_Dummy,_Dummy,_Dummy,_Dummy,_INT_ERI0,_INT_RXI0,_INT_TXI0,_INT_TEI0,_INT_ERI1,_INT_RXI1,_INT_TXI1,_INT_TEI1,_INT_ADI
           <00000000>   
           <00000000>   
           <00000000>   
           <00000000>   
           <00000000>   
           <00000000>   
           <00000000>   
           <00000000>   
           <00000000>   
           <00000000>   
           <00000000>   
           <00000000>   
           <00000000>   
           <00000000>   
           <00000000>   
           <00000000>   
           <00000000>   
           <00000000>   
           <00000000>   
           <00000000>   
           <00000000>   
           <00000000>   
           <00000000>   
           <00000000>   
           <00000000>   
           <00000000>   
           <00000000>   
           <00000000>   
           <00000000>   
           <00000000>   
           <00000000>   
           <00000000>   
           <00000000>   
           <00000000>   
           <00000000>   
           <00000000>   
           <00000000>   
           <00000000>   
           <00000000>   
           <00000000>   
           <00000000>   
           <00000000>   
           <00000000>   
           <00000000>   
           <00000000>   
           <00000000>   
           <00000000>   
           <00000000>   
           <00000000>   
           <00000000>   
           <00000000>   
           <00000000>   
           <00000000>   
           <00000000>   
           <00000000>   
           <00000000>   
           <00000000>   
           <00000000>   
           <00000000>   


H8S,H8/300 SERIES C/C++ COMPILER (Ver. 3.0C)     24-Nov-2000  08:50:51  PAGE   1

******* SECTION SIZE INFORMATION *******

PROGRAM  SECTION(P):                                0x00000000 Byte(s)
CONSTANT SECTION(C):                                0x00000000 Byte(s)
DATA     SECTION(D):                                0x00000000 Byte(s)
DATA     SECTION(DVECTTBL):                         0x00000004 Byte(s)
DATA     SECTION(DINTTBL):                          0x000000F0 Byte(s)
BSS      SECTION(B):                                0x00000000 Byte(s)

TOTAL PROGRAM  SECTION: 0x00000000 Byte(s)
TOTAL CONSTANT SECTION: 0x00000000 Byte(s)
TOTAL DATA     SECTION: 0x000000F4 Byte(s)
TOTAL BSS      SECTION: 0x00000000 Byte(s)

    TOTAL PROGRAM SIZE: 0x000000F4 Byte(s)



** ASSEMBLER/LINKAGE EDITOR LIMITS INFORMATION **

NUMBER OF EXTERNAL REFERENCE  SYMBOLS:       43 
NUMBER OF EXTERNAL DEFINITION SYMBOLS:        2 
NUMBER OF INTERNAL/EXTERNAL SYMBOLS:         45 



**** COMPILE CONDITION INFORMATION ****

COMMAND LINE: -cpu=300ha:24 -debug -list -show=object -chgincpath -pack=1 -lang=c -include=.\inc\,..\comminc\ .\src\vecttbl.c -object=.\obj\vecttbl.obj
CPU         : 300ha:24
