H8S,H8/300 SERIES C/C++ COMPILER (Ver. 3.0C)     26-Aug-2025  09:47:05  PAGE   1

************ OBJECT LISTING ************

FILE NAME: .\src\dvaio.c

SCT OFFSET CODE       C LABEL     INSTRUCTION OPERAND    COMMENT

  P                                                      ; section
                     1:    /********************************************************************
                     2:            【香港地下鉄向け自動列車放送制御装置】
                     3:    *-------------------------------------------------------------------*
                     4:            通信制御モジュール
                     5:    *-------------------------------------------------------------------*
                     6:            Author          TOA Corporation
                     7:    
                     8:            Revision        a00. 2000/07/27         K.Honda
                     9:                                    a01 2000/11/13
                    10:                                    a02 2001/03/22
                    11:    
                    12:    *********************************************************************/
                    13:    
                    14:    #include    <machine.h>
                    15:    #include    "iodefine.h"
                    16:    
                    17:    #include    "table.h"
                    18:    
                    19:    
                    20:    /*@@@S*/
                    21:    /*・・・・・・・・・・・・・・・・・・・・・・・・・・・・・・・・・・・・・・
                    22:            グローバル変数
                    23:    ・・・・・・・・・・・・・・・・・・・・・・・・・・・・・・・・・・・・・・*/
                    24:    
                    25:    struct st_ReadSIGNAL nowSignal;                 // 最新読みだし値
                    26:    struct st_ReadSIGNAL onSignal;                  // ＯＮになった信号
                    27:    
                    28:    /*・・・・・・・・・・・・・・・・・・・・・・・・・・・・・・・・・・・・・・
                    29:            定数定義
                    30:    ・・・・・・・・・・・・・・・・・・・・・・・・・・・・・・・・・・・・・・*/
                    31:    
                    32:    /*・・・・・・・・・・・・・・・・・・・・・・・・・・・・・・・・・・・・・・
                    33:            構造体定義
                    34:    ・・・・・・・・・・・・・・・・・・・・・・・・・・・・・・・・・・・・・・*/
                    35:    
                    36:    /*・・・・・・・・・・・・・・・・・・・・・・・・・・・・・・・・・・・・・・
                    37:            テーブル
                    38:    ・・・・・・・・・・・・・・・・・・・・・・・・・・・・・・・・・・・・・・*/
                    39:    
                    40:    /*・・・・・・・・・・・・・・・・・・・・・・・・・・・・・・・・・・・・・・
                    41:                    外部参照
                    42:    ・・・・・・・・・・・・・・・・・・・・・・・・・・・・・・・・・・・・・・*/
                    43:    
                    44:    /*・・・・・・・・・・・・・・・・・・・・・・・・・・・・・・・・・・・・・・
                    45:                    ローカル変数
                    46:    ・・・・・・・・・・・・・・・・・・・・・・・・・・・・・・・・・・・・・・*/
                    47:    
                    48:    static  struct st_ReadSIGNAL    befSignal;
                    49:    static  struct st_ReadSIGNAL    nowbefSignal;
                    50:                    struct st_WriteSIGNAL   outSignal;
                    51:    
                    52:    static  short   readCount1;
                    53:    static  short   readCount2;
                    54:    static  short   readCount3;
                    55:    
                    56:    /*@@@E*/
                    57:    /************************************************************************
                    58:    
                    59:            Function name   << dvaIOOut >>
                    60:                                            Ｉ／Ｏ出力情報設定関数
                    61:            Syntax                  dvaIOOut( onbit, offbit );
                    62:            Argument                unsigned long onbit  : i : I/O Output ON bit
                    63:                                    unsigned long offbit : i : I/O Output OFF bit
                    64:            Author                  TOA Corporation  K.Honda
                    65:            Revision                a00 2000/07/27
                    66:            Revision                a01 2000/11/13  ACP LED のポート追加
                    67:    
                    68:    *************************************************************************/
                    69:    void dvaIOOut( unsigned long onbit, unsigned long offbit )
    000000              _dvaIOOut:                       ; function: dvaIOOut
    000000 5E                     JSR         @$sp_regsv$3:24
           <000000>     
                    70:    {
    000004 0F85                   MOV.L       ER0,ER5
    000006 0F96                   MOV.L       ER1,ER6
                    71:                    outSignal.SIGNAL1.BYTE &= ~((unsigned char)(offbit>>8));
    000008 0FE2                   MOV.L       ER6,ER2
    00000A FB08                   MOV.B       #8:8,R3L
    00000C              L85:                              
    00000C 1132                   SHLR.L      ER2
    00000E 1A0B                   DEC.B       R3L
    000010 4EFA                   BGT         L85:8
    000012 1752                   EXTU.W      R2
    000014 1712                   NOT.W       R2
    000016 7A00                   MOV.L       #_outSignal:32,ER0
           <00000000>   
    00001C 6809                   MOV.B       @ER0,R1L
    00001E 16A9                   AND.B       R2L,R1L
    000020 6889                   MOV.B       R1L,@ER0
                    72:                    outSignal.SIGNAL2.BYTE &= ~((unsigned char)(offbit));
    000022 0CE8                   MOV.B       R6L,R0L
    000024 1750                   EXTU.W      R0
    000026 1710                   NOT.W       R0
    000028 7A01                   MOV.L       #_outSignal+1:32,ER1
           <00000000>   
    00002E 681A                   MOV.B       @ER1,R2L
    000030 168A                   AND.B       R0L,R2L
    000032 689A                   MOV.B       R2L,@ER1
                    73:                    outSignal.SIGNAL3.BYTE &= ~((unsigned char)(offbit>>16));
    000034 0DE6                   MOV.W       E6,R6
    000036 19EE                   SUB.W       E6,E6
    000038 1756                   EXTU.W      R6
    00003A 1716                   NOT.W       R6
    00003C 7A00                   MOV.L       #_outSignal+2:32,ER0
           <00000000>   
    000042 6809                   MOV.B       @ER0,R1L
    000044 16E9                   AND.B       R6L,R1L
    000046 6889                   MOV.B       R1L,@ER0
                    74:    
                    75:                    outSignal.SIGNAL1.BYTE |= (unsigned char)(onbit>>8);
    000048 0FD0                   MOV.L       ER5,ER0
    00004A F908                   MOV.B       #8:8,R1L
    00004C              L86:                              
    00004C 1130                   SHLR.L      ER0
    00004E 1A09                   DEC.B       R1L
    000050 4EFA                   BGT         L86:8
    000052 7A01                   MOV.L       #_outSignal:32,ER1
           <00000000>   
    000058 681A                   MOV.B       @ER1,R2L
    00005A 148A                   OR.B        R0L,R2L
    00005C 689A                   MOV.B       R2L,@ER1
                    76:                    outSignal.SIGNAL2.BYTE |= (unsigned char)(onbit);
    00005E 7A00                   MOV.L       #_outSignal+1:32,ER0
           <00000000>   
    000064 6809                   MOV.B       @ER0,R1L
    000066 14D9                   OR.B        R5L,R1L
    000068 6889                   MOV.B       R1L,@ER0
                    77:                    outSignal.SIGNAL3.BYTE |= (unsigned char)(onbit>>16);
    00006A 0DD5                   MOV.W       E5,R5
    00006C 19DD                   SUB.W       E5,E5
    00006E 7A00                   MOV.L       #_outSignal+2:32,ER0
           <00000000>   
    000074 6809                   MOV.B       @ER0,R1L
    000076 14D9                   OR.B        R5L,R1L
    000078 6889                   MOV.B       R1L,@ER0
                    78:    
                    79:                    IOSIGNAL1.BYTE = outSignal.SIGNAL1.BYTE;
    00007A 6A2800                 MOV.B       @_outSignal:24,R0L
           <000000>     
    000080 6AA8006002             MOV.B       R0L,@6291968:24
           00           
                    80:                    IOSIGNAL2.BYTE = ~outSignal.SIGNAL2.BYTE;
    000086 6A2800                 MOV.B       @_outSignal+1:24,R0L
           <000000>     
    00008C 1708                   NOT.B       R0L
    00008E 6AA8006003             MOV.B       R0L,@6292224:24
           00           
                    81:                    IOSIGNAL3.BYTE = outSignal.SIGNAL3.BYTE;
    000094 6A2800                 MOV.B       @_outSignal+2:24,R0L
           <000000>     
    00009A 6AA8006004             MOV.B       R0L,@6292480:24
           00           
                    82:    }
    0000A0 5A                     JMP         @$spregld2$3:24
           <000000>     
                    83:    
                    84:    /************************************************************************
                    85:    
                    86:            Function name   << dvaIOIn >>
                    87:                                            接点入力
                    88:            Syntax                  dvaIOIn( void );
                    89:            Argument                none
                    90:            Author                  TOA Corporation  K.Honda
                    91:            Revision                a00 2000/07/27
                    92:            Revision                a01 2001/03/22  マイクのＰＴＴスイッチのよるモニターＳＰの制御
                    93:                                                    （高速化のため）
                    94:    
                    95:    *************************************************************************/
                    96:    void    dvaIOIn(void)
    0000A4              _dvaIOIn:                        ; function: dvaIOIn
    0000A4 5E                     JSR         @$sp_regsv$3:24
           <000000>     
    0000A8 1B97                   SUBS.L      #4,SP
    0000AA 1B87                   SUBS.L      #2,SP
                    97:    {
    0000AC 7A03004000             MOV.L       #4194304:32,ER3
           00           
    0000B2 1AD5                   SUB.L       ER5,ER5
    0000B4 7A06001800             MOV.L       #1572864:32,ER6
           00           
                    98:                    struct st_ReadSIGNAL signal;
                    99:                    struct st_ReadSIGNAL onoff;
                   100:    
                   101:                            // 現在の接点情報を読み込む
                   102:                    signal.SIGNAL1.BYTE = IOSIGNAL1.BYTE;
    0000BA 6A28006002             MOV.B       @6291968:24,R0L
           00           
    0000C0 6EF80003               MOV.B       R0L,@(3:16,SP)
                   103:                    signal.SIGNAL2.BYTE = IOSIGNAL2.BYTE;
    0000C4 6A28006003             MOV.B       @6292224:24,R0L
           00           
    0000CA 6EF80004               MOV.B       R0L,@(4:16,SP)
                   104:                    signal.SIGNAL3.BYTE = IOSIGNAL3.BYTE;
    0000CE 6A28006004             MOV.B       @6292480:24,R0L
           00           
    0000D4 6EF80005               MOV.B       R0L,@(5:16,SP)
                   105:    
                   106:                    if( signal.SIGNAL1.BYTE!=befSignal.SIGNAL1.BYTE ){
    0000D8 7A04                   MOV.L       #_$readCount1:32,ER4
           <00000000>   
    0000DE 6E780003               MOV.B       @(3:16,SP),R0L
    0000E2 6A2900                 MOV.B       @_$befSignal:24,R1L
           <000000>     
    0000E8 1C98                   CMP.B       R1L,R0L
    0000EA 4710                   BEQ         L87:8
                   107:                            readCount1 = 0;
    0000EC 1900                   SUB.W       R0,R0
    0000EE 69C0                   MOV.W       R0,@ER4
                   108:                            // 前回と違うときは、前回値を更新する
                   109:                            befSignal.SIGNAL1.BYTE = signal.SIGNAL1.BYTE;
    0000F0 6E780003               MOV.B       @(3:16,SP),R0L
    0000F4 6AA800                 MOV.B       R0L,@_$befSignal:24
           <000000>     
    0000FA 401A                   BRA         L88:8
    0000FC              L87:                              
                   110:                    }
                   111:                    else if( readCount1>=2 ){
    0000FC 6940                   MOV.W       @ER4,R0
    0000FE 79200002               CMP.W       #2:16,R0
    000102 4D0C                   BLT         L89:8
                   112:                            // 現在の接点情報を公開する
                   113:                            nowSignal.SIGNAL1.BYTE = signal.SIGNAL1.BYTE;
    000104 6E780003               MOV.B       @(3:16,SP),R0L
    000108 6AA800                 MOV.B       R0L,@_nowSignal:24
           <000000>     
    00010E 4006                   BRA         L90:8
    000110              L89:                              
                   114:                    }
                   115:                    else {
                   116:                            readCount1++;
    000110 6940                   MOV.W       @ER4,R0
    000112 0B50                   INC.W       #1,R0
    000114 69C0                   MOV.W       R0,@ER4
    000116              L90:                              
    000116              L88:                              
                   117:                    }
                   118:    
                   119:                    if( signal.SIGNAL2.BYTE!=befSignal.SIGNAL2.BYTE ){
    000116 7A04                   MOV.L       #_$readCount2:32,ER4
           <00000000>   
    00011C 6E780004               MOV.B       @(4:16,SP),R0L
    000120 6A2900                 MOV.B       @_$befSignal+1:24,R1L
           <000000>     
    000126 1C98                   CMP.B       R1L,R0L
    000128 4710                   BEQ         L91:8
                   120:                            readCount2 = 0;
    00012A 1900                   SUB.W       R0,R0
    00012C 69C0                   MOV.W       R0,@ER4
                   121:                            // 前回と違うときは、前回値を更新する
                   122:                            befSignal.SIGNAL2.BYTE = signal.SIGNAL2.BYTE;
    00012E 6E780004               MOV.B       @(4:16,SP),R0L
    000132 6AA800                 MOV.B       R0L,@_$befSignal+1:24
           <000000>     
    000138 401A                   BRA         L92:8
    00013A              L91:                              
                   123:                    }
                   124:                    else if( readCount2>=2 ){
    00013A 6940                   MOV.W       @ER4,R0
    00013C 79200002               CMP.W       #2:16,R0
    000140 4D0C                   BLT         L93:8
                   125:                            // 現在の接点情報を公開する
                   126:                            nowSignal.SIGNAL2.BYTE = signal.SIGNAL2.BYTE;
    000142 6E780004               MOV.B       @(4:16,SP),R0L
    000146 6AA800                 MOV.B       R0L,@_nowSignal+1:24
           <000000>     
    00014C 4006                   BRA         L94:8
    00014E              L93:                              
                   127:                    }
                   128:                    else {
                   129:                            readCount2++;
    00014E 6940                   MOV.W       @ER4,R0
    000150 0B50                   INC.W       #1,R0
    000152 69C0                   MOV.W       R0,@ER4
    000154              L94:                              
    000154              L92:                              
                   130:                    }
                   131:    
                   132:                    if( signal.SIGNAL3.BYTE!=befSignal.SIGNAL3.BYTE ){
    000154 7A04                   MOV.L       #_$readCount3:32,ER4
           <00000000>   
    00015A 6E780005               MOV.B       @(5:16,SP),R0L
    00015E 6A2900                 MOV.B       @_$befSignal+2:24,R1L
           <000000>     
    000164 1C98                   CMP.B       R1L,R0L
    000166 4710                   BEQ         L95:8
                   133:                            readCount3 = 0;
    000168 1900                   SUB.W       R0,R0
    00016A 69C0                   MOV.W       R0,@ER4
                   134:                            // 前回と違うときは、前回値を更新する
                   135:                            befSignal.SIGNAL3.BYTE = signal.SIGNAL3.BYTE;
    00016C 6E780005               MOV.B       @(5:16,SP),R0L
    000170 6AA800                 MOV.B       R0L,@_$befSignal+2:24
           <000000>     
    000176 401A                   BRA         L96:8
    000178              L95:                              
                   136:                    }
                   137:                    else if( readCount3>=2 ){
    000178 6940                   MOV.W       @ER4,R0
    00017A 79200002               CMP.W       #2:16,R0
    00017E 4D0C                   BLT         L97:8
                   138:                            // 現在の接点情報を公開する
                   139:                            nowSignal.SIGNAL3.BYTE = signal.SIGNAL3.BYTE;
    000180 6E780005               MOV.B       @(5:16,SP),R0L
    000184 6AA800                 MOV.B       R0L,@_nowSignal+2:24
           <000000>     
    00018A 4006                   BRA         L98:8
    00018C              L97:                              
                   140:                    }
                   141:                    else {
                   142:                            readCount3++;
    00018C 6940                   MOV.W       @ER4,R0
    00018E 0B50                   INC.W       #1,R0
    000190 69C0                   MOV.W       R0,@ER4
    000192              L98:                              
    000192              L96:                              
                   143:                    }
                   144:    
                   145:                    DUALPORT.nowSignal1 = nowSignal.SIGNAL1.BYTE;
    000192 6A2800                 MOV.B       @_nowSignal:24,R0L
           <000000>     
    000198 6EE80004               MOV.B       R0L,@(4:16,ER6)
                   146:                    DUALPORT.nowSignal2 = nowSignal.SIGNAL2.BYTE;
    00019C 6A2800                 MOV.B       @_nowSignal+1:24,R0L
           <000000>     
    0001A2 6EE80005               MOV.B       R0L,@(5:16,ER6)
                   147:                    DUALPORT.nowSignal3 = nowSignal.SIGNAL3.BYTE;
    0001A6 6A2800                 MOV.B       @_nowSignal+2:24,R0L
           <000000>     
    0001AC 6EE80006               MOV.B       R0L,@(6:16,ER6)
                   148:    
                   149:                    onoff.SIGNAL1.BYTE = nowSignal.SIGNAL1.BYTE ^ nowbefSignal.SIGNAL1.BYTE;
    0001B0 6A2800                 MOV.B       @_nowSignal:24,R0L
           <000000>     
    0001B6 6A2900                 MOV.B       @_$nowbefSignal:24,R1L
           <000000>     
    0001BC 1598                   XOR.B       R1L,R0L
    0001BE 68F8                   MOV.B       R0L,@SP
                   150:                    onoff.SIGNAL2.BYTE = nowSignal.SIGNAL2.BYTE ^ nowbefSignal.SIGNAL2.BYTE;
    0001C0 6A2800                 MOV.B       @_nowSignal+1:24,R0L
           <000000>     
    0001C6 6A2900                 MOV.B       @_$nowbefSignal+1:24,R1L
           <000000>     
    0001CC 1598                   XOR.B       R1L,R0L
    0001CE 6EF80001               MOV.B       R0L,@(1:16,SP)
                   151:                    onoff.SIGNAL3.BYTE = nowSignal.SIGNAL3.BYTE ^ nowbefSignal.SIGNAL3.BYTE;
    0001D2 6A2800                 MOV.B       @_nowSignal+2:24,R0L
           <000000>     
    0001D8 6A2900                 MOV.B       @_$nowbefSignal+2:24,R1L
           <000000>     
    0001DE 1598                   XOR.B       R1L,R0L
    0001E0 6EF80002               MOV.B       R0L,@(2:16,SP)
                   152:                    nowbefSignal.SIGNAL1.BYTE = nowSignal.SIGNAL1.BYTE;
    0001E4 6A2800                 MOV.B       @_nowSignal:24,R0L
           <000000>     
    0001EA 6AA800                 MOV.B       R0L,@_$nowbefSignal:24
           <000000>     
                   153:                    nowbefSignal.SIGNAL2.BYTE = nowSignal.SIGNAL2.BYTE;
    0001F0 6A2800                 MOV.B       @_nowSignal+1:24,R0L
           <000000>     
    0001F6 6AA800                 MOV.B       R0L,@_$nowbefSignal+1:24
           <000000>     
                   154:                    nowbefSignal.SIGNAL3.BYTE = nowSignal.SIGNAL3.BYTE;
    0001FC 6A2800                 MOV.B       @_nowSignal+2:24,R0L
           <000000>     
    000202 6AA800                 MOV.B       R0L,@_$nowbefSignal+2:24
           <000000>     
                   155:                    onSignal.SIGNAL1.BYTE = onoff.SIGNAL1.BYTE & nowSignal.SIGNAL1.BYTE;
    000208 6878                   MOV.B       @SP,R0L
    00020A 6A2900                 MOV.B       @_nowSignal:24,R1L
           <000000>     
    000210 1698                   AND.B       R1L,R0L
    000212 6AA800                 MOV.B       R0L,@_onSignal:24
           <000000>     
                   156:                    onSignal.SIGNAL2.BYTE = onoff.SIGNAL1.BYTE & nowSignal.SIGNAL2.BYTE;
    000218 6878                   MOV.B       @SP,R0L
    00021A 6A2900                 MOV.B       @_nowSignal+1:24,R1L
           <000000>     
    000220 1698                   AND.B       R1L,R0L
    000222 6AA800                 MOV.B       R0L,@_onSignal+1:24
           <000000>     
                   157:                    onSignal.SIGNAL3.BYTE = onoff.SIGNAL1.BYTE & nowSignal.SIGNAL3.BYTE;
    000228 6878                   MOV.B       @SP,R0L
    00022A 6A2900                 MOV.B       @_nowSignal+2:24,R1L
           <000000>     
    000230 1698                   AND.B       R1L,R0L
    000232 6AA800                 MOV.B       R0L,@_onSignal+2:24
           <000000>     
                   158:    
                   159:                    if( DUALPORT.activeDVAU==0 )
    000238 6868                   MOV.B       @ER6,R0L
    00023A 587000A4               BEQ         L100:16
                   160:                            return;
                   161:    
                   162:    
                   163:                            // アクティブＤＶＡＵの処理
                   164:    
                   165:                    switch( DUALPORT.pollingData.voiceBus.BIT.mode & 0x0F ){
    00023E 6E680013               MOV.B       @(19:16,ER6),R0L
    000242 E80F                   AND.B       #15:8,R0L
    000244 470C                   BEQ         L81:8
    000246 A801                   CMP.B       #1:8,R0L
    000248 4744                   BEQ         L82:8
    00024A A803                   CMP.B       #3:8,R0L
    00024C 4764                   BEQ         L83:8
    00024E 5A                     JMP         @L84:24
           <000000>     
                   166:                    case 0:         // CAB mode のときは、マイクスイッチによってスピーカーを制御
    000252              L81:                              
                   167:                            if( nowSignal.SIGNAL3.RBIT.mcpPTTSW ){
    000252 6A2800                 MOV.B       @_nowSignal+2:24,R0L
           <000000>     
    000258 7748                   BLD.B       #4,R0L
    00025A 4406                   BCC         L102:8
                   168:    //                              DUALPORT.eids.Reset = 1;                        // リセット信号アクティブ 2001/07/04
                   169:    
                   170:                                    dvaIOOut( 
                   171:                                            0
                   172:                                            ,
                   173:                                            OUTSIGNAL_mcpMONSPON            // ＭＣＰスピーカーＯＦＦ
                   174:                                    );
    00025C 0FB1                   MOV.L       ER3,ER1
    00025E 0FD0                   MOV.L       ER5,ER0
    000260 4004                   BRA         L110:8
    000262              L102:                             
                   175:                            }
                   176:                            else {
                   177:                                    dvaIOOut( 
                   178:                                            OUTSIGNAL_mcpMONSPON            // ＭＣＰスピーカーＯＮ
                   179:                                            ,
                   180:                                            0
                   181:                                    );
    000262 0FD1                   MOV.L       ER5,ER1
    000264 0FB0                   MOV.L       ER3,ER0
    000266              L110:                             
    000266 5E                     JSR         @_dvaIOOut:24
           <000000>     
                   182:                            }
                   183:                            if( nowSignal.SIGNAL3.RBIT.acpPTTSW ){
    00026A 6A2800                 MOV.B       @_nowSignal+2:24,R0L
           <000000>     
    000270 7708                   BLD.B       #0,R0L
    000272 4410                   BCC         L104:8
                   184:                                    DUALPORT.eids.Reset = 1;                        // リセット信号アクティブ 2001/07/04
    000274 F801                   MOV.B       #1:8,R0L
    000276 6EE80106               MOV.B       R0L,@(262:16,ER6)
                   185:    
                   186:                                    dvaIOOut( 
                   187:                                            0
                   188:                                            ,
                   189:                                            OUTSIGNAL_acpMONSPON            // ＡＣＰスピーカーＯＦＦ
                   190:                                    );
    00027A 7A01008000             MOV.L       #8388608:32,ER1
           00           
    000280 0FD0                   MOV.L       ER5,ER0
    000282 405A                   BRA         L114:8
    000284              L104:                             
                   191:                            }
                   192:                            else {
                   193:                                    dvaIOOut( 
                   194:                                            OUTSIGNAL_acpMONSPON            // ＡＣＰスピーカーＯＮ
                   195:                                            ,
                   196:                                            0
                   197:                                    );
    000284 0FD1                   MOV.L       ER5,ER1
    000286 7A00008000             MOV.L       #8388608:32,ER0
           00           
                   198:                            }
                   199:                            break;
    00028C 4050                   BRA         L114:8
    00028E              L82:                              
                   200:    
                   201:                    case 1:         // マイク放送のときは、ＰＴＴを押したとき、ＯＦＦにする
                   202:                            if( nowSignal.SIGNAL3.RBIT.acpPTTSW || nowSignal.SIGNAL3.RBIT.mcpPTTSW ){
    00028E 6A2800                 MOV.B       @_nowSignal+2:24,R0L
           <000000>     
    000294 7708                   BLD.B       #0,R0L
    000296 450A                   BCS         L107:8
    000298 6A2800                 MOV.B       @_nowSignal+2:24,R0L
           <000000>     
    00029E 7748                   BLD.B       #4,R0L
    0002A0 4440                   BCC         L101:8
    0002A2              L107:                             
                   203:                                    DUALPORT.eids.Reset = 1;                        // リセット信号アクティブ 2001/07/04
    0002A2 F801                   MOV.B       #1:8,R0L
    0002A4 6EE80106               MOV.B       R0L,@(262:16,ER6)
                   204:    
                   205:                                    dvaIOOut( 
                   206:                                            0
                   207:                                            ,
                   208:                                            OUTSIGNAL_mcpMONSPON            // ＭＣＰスピーカーＯＦＦ
                   209:                                            | OUTSIGNAL_acpMONSPON                  // ＡＣＰスピーカーＯＦＦ
                   210:                                    );
    0002A8 7A0100C000             MOV.L       #12582912:32,ER1
           00           
    0002AE 0FD0                   MOV.L       ER5,ER0
                   211:                            }
                   212:                            break;
    0002B0 402C                   BRA         L114:8
    0002B2              L83:                              
                   213:    
                   214:                    case 3:         // CPA-Radio
                   215:                            if( nowSignal.SIGNAL3.RBIT.acpPTTSW || nowSignal.SIGNAL3.RBIT.mcpPTTSW ){
    0002B2 6A2800                 MOV.B       @_nowSignal+2:24,R0L
           <000000>     
    0002B8 7708                   BLD.B       #0,R0L
    0002BA 450A                   BCS         L109:8
    0002BC 6A2800                 MOV.B       @_nowSignal+2:24,R0L
           <000000>     
    0002C2 7748                   BLD.B       #4,R0L
    0002C4 4406                   BCC         L108:8
    0002C6              L109:                             
                   216:                                    DUALPORT.eids.Reset = 1;                        // リセット信号アクティブ 2001/07/04
    0002C6 F801                   MOV.B       #1:8,R0L
    0002C8 6EE80106               MOV.B       R0L,@(262:16,ER6)
    0002CC              L108:                             
                   217:                            }
                   218:    
                   219:                            dvaIOOut( 
                   220:                                    OUTSIGNAL_acpMONSPON                    // ＡＣＰスピーカーＯＮ
                   221:                                    ,
                   222:                                    OUTSIGNAL_mcpMONSPON                    // ＭＣＰスピーカーＯＦＦ
                   223:                            );
    0002CC 0FB1                   MOV.L       ER3,ER1
    0002CE 7A00008000             MOV.L       #8388608:32,ER0
           00           
                   224:                            break;
    0002D4 4008                   BRA         L114:8
    0002D6              L84:                              
                   225:    
                   226:                    default:                // 以外のモードのときは、スピーカーをＯＦＦする
                   227:                            dvaIOOut( 
                   228:                                    OUTSIGNAL_acpMONSPON                    // ＡＣＰスピーカーＯＮ
                   229:                                    | OUTSIGNAL_mcpMONSPON                  // ＭＣＰスピーカーＯＮ
                   230:                                    ,
                   231:                                    0
                   232:                            );
    0002D6 0FD1                   MOV.L       ER5,ER1
    0002D8 7A0000C000             MOV.L       #12582912:32,ER0
           00           
                   233:                            break;
    0002DE              L114:                             
    0002DE 5E                     JSR         @_dvaIOOut:24
           <000000>     
    0002E2              L101:                             
                   234:                    }
                   235:    }
    0002E2              L100:                             
    0002E2 0B87                   ADDS.L      #2,SP
    0002E4 0B97                   ADDS.L      #4,SP
    0002E6 5A                     JMP         @$spregld2$3:24
           <000000>     
                   236:    
                   237:    
                   238:    /*@@@E*/
  B                                                      ; section
    000000              _nowSignal:                      ; static: nowSignal
    000000 00000003               .RES.B      3
    000003              _onSignal:                       ; static: onSignal
    000003 00000003               .RES.B      3
    000006              _$befSignal:                     ; static: befSignal
    000006 00000003               .RES.B      3
    000009              _$nowbefSignal:                  ; static: nowbefSignal
    000009 00000003               .RES.B      3
    00000C              _outSignal:                      ; static: outSignal
    00000C 00000003               .RES.B      3
    00000F 00000001               .RES.B      1
    000010              _$readCount1:                    ; static: readCount1
    000010 00000002               .RES.W      1
    000012              _$readCount2:                    ; static: readCount2
    000012 00000002               .RES.W      1
    000014              _$readCount3:                    ; static: readCount3
    000014 00000002               .RES.W      1


H8S,H8/300 SERIES C/C++ COMPILER (Ver. 3.0C)     26-Aug-2025  09:47:05  PAGE   1

******* SECTION SIZE INFORMATION *******

PROGRAM  SECTION(P):                                0x000002EA Byte(s)
CONSTANT SECTION(C):                                0x00000000 Byte(s)
DATA     SECTION(D):                                0x00000000 Byte(s)
BSS      SECTION(B):                                0x00000016 Byte(s)

TOTAL PROGRAM  SECTION: 0x000002EA Byte(s)
TOTAL CONSTANT SECTION: 0x00000000 Byte(s)
TOTAL DATA     SECTION: 0x00000000 Byte(s)
TOTAL BSS      SECTION: 0x00000016 Byte(s)

    TOTAL PROGRAM SIZE: 0x00000300 Byte(s)



** ASSEMBLER/LINKAGE EDITOR LIMITS INFORMATION **

NUMBER OF EXTERNAL REFERENCE  SYMBOLS:        2 
NUMBER OF EXTERNAL DEFINITION SYMBOLS:        5 
NUMBER OF INTERNAL/EXTERNAL SYMBOLS:         39 



**** COMPILE CONDITION INFORMATION ****

COMMAND LINE: -cpu=300ha:24 -debug -list -show=object -chgincpath -pack=1 -lang=c -include=.\inc\,..\COMMINC\,..\DVA1BOOT\inc\ .\src\dvaio.c -object=.\obj\dvaio.obj
CPU         : 300ha:24
