H8S,H8/300 SERIES C/C++ COMPILER (Ver. 3.0C)     14-Mar-2023  09:40:49  PAGE   1

************ OBJECT LISTING ************

FILE NAME: .\src\entry.c

SCT OFFSET CODE       C LABEL     INSTRUCTION OPERAND    COMMENT

  PEntryProgram                                          ; section
                     1:    /********************************************************************
                     2:    *       【香港地下鉄向け自動列車放送制御装置】                                                  *
                     3:    *-------------------------------------------------------------------*
                     4:    *       通信制御モジュール                                                                                              *
                     5:    *-------------------------------------------------------------------*
                     6:    *       Author          TOA Corporation                                                                 *
                     7:    *                                                                                                                                       *
                     8:    *       Revision        a00. 2000/06/27         K.Honda                                                 *
                     9:    *                                                                                                                                       *
                    10:    *********************************************************************/
                    11:    
                    12:    #include        <machine.h>
                    13:    
                    14:    #pragma stacksize       4096
                    15:    
                    16:    #pragma entry EntryFunction
                    17:    
                    18:    #pragma section EntryProgram
                    19:    
                    20:    void EntryFunction( void )
    000000              _EntryFunction:                  ; function: EntryFunction
    000000 7A07                   MOV.L       #STARTOF S+SIZEOF S:32,SP
           <00000000>   
                    21:    {
                    22:            or_ccr(0xC0);                           // 全面割り込み禁止
    000006 04C0                   ORC.B       #-64:8,CCR
                    23:            set_imask_ccr(1);
    000008 0480                   ORC.B       #-128:8,CCR
                    24:    
                    25:            _INIT_IOLIB();                                  // Use SIM I/O
    00000A 5E                     JSR         @__INIT_IOLIB:24
           <000000>     
                    26:    
                    27:            HardwareSetup();                                // Use Hardware Setup
    00000E 5E                     JSR         @_HardwareSetup:24
           <000000>     
                    28:    
                    29:            main();
    000012 5E                     JSR         @_main:24
           <000000>     
                    30:    
                    31:            _CLOSEALL();                                    // Use SIM I/O
    000016 5E                     JSR         @__CLOSEALL:24
           <000000>     
                    32:    
                    33:            sleep();
    00001A 0180                   SLEEP
                    34:    }
    00001C 5470                   RTS
  S                                                      ; section
    000000 00001000               .RES.W      2048
                    35:    


H8S,H8/300 SERIES C/C++ COMPILER (Ver. 3.0C)     14-Mar-2023  09:40:49  PAGE   1

******* SECTION SIZE INFORMATION *******

PROGRAM  SECTION(P):                                0x00000000 Byte(s)
PROGRAM  SECTION(PEntryProgram):                    0x0000001E Byte(s)
CONSTANT SECTION(C):                                0x00000000 Byte(s)
DATA     SECTION(D):                                0x00000000 Byte(s)
BSS      SECTION(B):                                0x00000000 Byte(s)
STACK    SECTION(S):                                0x00001000 Byte(s)

TOTAL PROGRAM  SECTION: 0x0000001E Byte(s)
TOTAL CONSTANT SECTION: 0x00000000 Byte(s)
TOTAL DATA     SECTION: 0x00000000 Byte(s)
TOTAL BSS      SECTION: 0x00000000 Byte(s)
TOTAL STACK    SECTION: 0x00001000 Byte(s)

    TOTAL PROGRAM SIZE: 0x0000101E Byte(s)



** ASSEMBLER/LINKAGE EDITOR LIMITS INFORMATION **

NUMBER OF EXTERNAL REFERENCE  SYMBOLS:        4 
NUMBER OF EXTERNAL DEFINITION SYMBOLS:        1 
NUMBER OF INTERNAL/EXTERNAL SYMBOLS:          5 



**** COMPILE CONDITION INFORMATION ****

COMMAND LINE: -cpu=300ha:24 -debug -list -show=object -chgincpath -pack=1 -lang=c -include=.\inc\,..\COMMINC\,..\DVA1BOOT\inc\ .\src\entry.c -object=.\obj\entry.obj
CPU         : 300ha:24
