H8S,H8/300 SERIES C/C++ COMPILER (Ver. 3.0C)     26-Aug-2025  09:47:03  PAGE   1

************ OBJECT LISTING ************

FILE NAME: .\src\sbrk.c

SCT OFFSET CODE       C LABEL     INSTRUCTION OPERAND    COMMENT

  P                                                      ; section
                     1:    /***********************************************************************/
                     2:    /*                                                                     */
                     3:    /*  FILE        :sbrk.c                                                */
                     4:    /*  DATE        :Thu, Jul 27, 2000                                     */
                     5:    /*  DESCRIPTION :Program of sbrk                                       */
                     6:    /*  CPU TYPE    :H8/3002                                               */
                     7:    /*                                                                     */
                     8:    /*  This file is generated by Hitachi Project Generator (Ver.1.1).     */
                     9:    /*                                                                     */
                    10:    /***********************************************************************/
                    11:                      
                    12:    
                    13:    
                    14:    #include <stdio.h>
                    15:    #include "sbrk.h"
                    16:    
                    17:    //const size_t _sbrk_size=              /* Specifies the minimum unit of        */
                    18:                                                                    /* the defined heap area                        */ 
                    19:    
                    20:    static  union  {
                    21:                    long  dummy ;        /* Dummy for 4-byte boundary          */
                    22:                    char heap[HEAPSIZE]; /* Declaration of the area managed   */
                    23:                                 /*                           by sbrk */
                    24:     }heap_area ;
                    25:    
                    26:    static  char  *brk=(char *)&heap_area;/* End address of area assigned     */
                    27:    
                    28:    /**************************************************************************/
                    29:    /*     sbrk:Data write                                                                                                    */
                    30:    /*          Return value:Start address of the assigned area (Pass)                        */
                    31:    /*                       -1                                 (Failure)                                             */
                    32:    /**************************************************************************/
                    33:    char  *sbrk(size_t size)                   /* Assigned area size          */
    000000              _sbrk:                           ; function: sbrk
    000000 5E                     JSR         @$sp_regsv$3:24
           <000000>     
                    34:    {
    000004 0F84                   MOV.L       ER0,ER4
                    35:          char  *p;
                    36:    
                    37:          if(brk+size>heap_area.heap+HEAPSIZE) /* Empty area size             */
    000006 7A05                   MOV.L       #_$brk:32,ER5
           <00000000>   
    00000C 01006956               MOV.L       @ER5,ER6
    000010 0FE1                   MOV.L       ER6,ER1
    000012 0AC1                   ADD.L       ER4,ER1
    000014 7A02                   MOV.L       #_$heap_area+128:32,ER2
           <00000000>   
    00001A 1FA1                   CMP.L       ER2,ER1
    00001C 4306                   BLS         L49:8
                    38:               return (char *)-1 ;
    00001E 1A80                   SUB.L       ER0,ER0
    000020 1B70                   DEC.L       #1,ER0
    000022 400C                   BRA         L50:8
    000024              L49:                              
                    39:    
                    40:          p=brk ;                              /* Area assignment             */
                    41:          brk += size ;                        /* End address update          */
    000024 01006950               MOV.L       @ER5,ER0
    000028 0AC0                   ADD.L       ER4,ER0
    00002A 010069D0               MOV.L       ER0,@ER5
                    42:          return p ;
    00002E 0FE0                   MOV.L       ER6,ER0
                    43:    }
    000030              L50:                              
    000030 5A                     JMP         @$spregld2$3:24
           <000000>     
  D                                                      ; section
    000000              _$brk:                           ; static: brk
    000000 <00000000>             .DATA.L     _$heap_area
  B                                                      ; section
    000000              _$heap_area:                     ; static: heap_area
    000000 00000080               .RES.B      128


H8S,H8/300 SERIES C/C++ COMPILER (Ver. 3.0C)     26-Aug-2025  09:47:03  PAGE   1

******* SECTION SIZE INFORMATION *******

PROGRAM  SECTION(P):                                0x00000034 Byte(s)
CONSTANT SECTION(C):                                0x00000000 Byte(s)
DATA     SECTION(D):                                0x00000004 Byte(s)
BSS      SECTION(B):                                0x00000080 Byte(s)

TOTAL PROGRAM  SECTION: 0x00000034 Byte(s)
TOTAL CONSTANT SECTION: 0x00000000 Byte(s)
TOTAL DATA     SECTION: 0x00000004 Byte(s)
TOTAL BSS      SECTION: 0x00000080 Byte(s)

    TOTAL PROGRAM SIZE: 0x000000B8 Byte(s)



** ASSEMBLER/LINKAGE EDITOR LIMITS INFORMATION **

NUMBER OF EXTERNAL REFERENCE  SYMBOLS:        2 
NUMBER OF EXTERNAL DEFINITION SYMBOLS:        1 
NUMBER OF INTERNAL/EXTERNAL SYMBOLS:          7 



**** COMPILE CONDITION INFORMATION ****

COMMAND LINE: -cpu=300ha:24 -debug -list -show=object -chgincpath -pack=1 -lang=c -include=.\inc\,..\COMMINC\,..\DVA1BOOT\inc\ .\src\sbrk.c -object=.\obj\sbrk.obj
CPU         : 300ha:24
