##############################################################################
#                                                                            #
# IAR Z80/64180 C-Compiler V4.04D/386                                        #
# Front End V4.20N                                     30/Nov/2000  11:27:17 #
# Global Optimizer V1.05D                                                    #
#                                                                            #
#       Target option =  64180                                               #
#       Memory model  =  large                                               #
#       Source file   =  .\src\mcpinit.c                                     #
#       List file     =  .\obj\mcpinit.lst                                   #
#       Object file   =  .\obj\mcpinit.r01                                   #
#       ASM file      =  .\obj\mcpinit.s01                                   #
#       Command line  =  .\src\mcpInit.c -o .\obj\mcpInit.r01 -P -gA -s -v1  #
#                        -rn -ml -I.\inc\ -I..\comminc\ -DSIM=0 -a           #
#                        .\obj\mcpInit.s01 -l .\obj\mcpInit.lst -q           #
#                                                                            #
#                                             (c) Copyright IAR Systems 1996 #
##############################################################################

   \   0000                    NAME    mcpinit(16)
   \   0000                    RSEG    CODE(0)
   \   0000                    EXTERN  HALTCPU
   \   0000                    PUBLIC  mcpInitialize
   \   0000                    EXTERN  ram_check
   \   0000                    EXTERN  rom_check
   \   0000                    EXTERN  ?CL64180L_4_04_L00
   \   0000                    RSEG    CODE
   \   0000            mcpInitialize:
      1          /********************************************************************
      2                  【香港地下鉄向け自動列車放送制御装置】
      3          *-------------------------------------------------------------------*
      4                  初期設定モジュール
      5          *-------------------------------------------------------------------*
      6                  Author          TOA Corporation
      7          
      8                  Revision        a00. 2000/06/27         K.Honda
      9          
     10          *********************************************************************/
     11          
     12          #include "IOFUNC.h"
     13          
     14          #include "COMMDEF.h"
     15          
     16          /*@@@S*/
     17          /*・・・・・・・・・・・・・・・・・・・・・・・・・・・・・・・・・・・・・・
     18                  グローバル変数
     19          ・・・・・・・・・・・・・・・・・・・・・・・・・・・・・・・・・・・・・・*/
     20          
     21          /*・・・・・・・・・・・・・・・・・・・・・・・・・・・・・・・・・・・・・・
     22                  ローカル定数定義
     23          ・・・・・・・・・・・・・・・・・・・・・・・・・・・・・・・・・・・・・・*/
     24          
     25          
     26          /*・・・・・・・・・・・・・・・・・・・・・・・・・・・・・・・・・・・・・・
     27                  ローカル構造体定義
     28          ・・・・・・・・・・・・・・・・・・・・・・・・・・・・・・・・・・・・・・*/
     29          
     30          /*・・・・・・・・・・・・・・・・・・・・・・・・・・・・・・・・・・・・・・
     31                  ローカルテーブル
     32          ・・・・・・・・・・・・・・・・・・・・・・・・・・・・・・・・・・・・・・*/
     33          
     34          
     35          /*・・・・・・・・・・・・・・・・・・・・・・・・・・・・・・・・・・・・・・
     36                          外部参照
     37          ・・・・・・・・・・・・・・・・・・・・・・・・・・・・・・・・・・・・・・*/
     38          
     39          
     40          /*・・・・・・・・・・・・・・・・・・・・・・・・・・・・・・・・・・・・・・
     41                          ローカル変数
     42          ・・・・・・・・・・・・・・・・・・・・・・・・・・・・・・・・・・・・・・*/
     43          
     44          /*@@@E*/
     45          /************************************************************************
     46          
     47                  Function name   << mcpInitialize >>
     48                                                  ＭＣＰ初期設定
     49                  Syntax                  mcpIntialize( void );
     50                  Argument                none
     51                  Author                  TOA Corporation  K.Honda
     52                  Revision                a00 2000/06/27
     53          
     54          *************************************************************************/
     55          void mcpInitialize( void )
     56          {
     57                  if( ram_check() ){
   \   0000  CD0000            CALL    ram_check
   \   0003  7D                LD      A,L
   \   0004  B4                OR      H
   \   0005  2803              JR      Z,?0001
   \   0007            ?0000:
     58                          HALTCPU();
   \   0007  CD0000            CALL    HALTCPU
   \   000A            ?0001:
     59                  }
     60          
     61                  if( rom_check() ){
   \   000A  CD0000            CALL    rom_check
   \   000D  7D                LD      A,L
   \   000E  B4                OR      H
   \   000F  2803              JR      Z,?0003
   \   0011            ?0002:
     62                          HALTCPU();
   \   0011  CD0000            CALL    HALTCPU
   \   0014            ?0003:
     63                  }
     64          }
   \   0014  C9                RET
     65          
   \   0015                    END

Errors: none
Warnings: none
Code size: 21
Constant size: 0
Static variable size: Data(0) Iram(0)

