##############################################################################
#                                                                            #
# IAR Z80/64180 C-Compiler V4.04D/386                                        #
# Front End V4.20N                                     30/Nov/2000  11:27:18 #
# Global Optimizer V1.05D                                                    #
#                                                                            #
#       Target option =  64180                                               #
#       Memory model  =  large                                               #
#       Source file   =  .\src\mcptimer.c                                    #
#       List file     =  .\obj\mcptimer.lst                                  #
#       Object file   =  .\obj\mcptimer.r01                                  #
#       ASM file      =  .\obj\mcptimer.s01                                  #
#       Command line  =  .\src\mcpTimer.c -o .\obj\mcpTimer.r01 -P -gA -s    #
#                        -v1 -rn -ml -I.\inc\ -I..\comminc\ -DSIM=0 -a       #
#                        .\obj\mcpTimer.s01 -l .\obj\mcpTimer.lst -q         #
#                                                                            #
#                                             (c) Copyright IAR Systems 1996 #
##############################################################################

   \   0000                    NAME    mcptimer(16)
   \   0000                    RSEG    CODE(0)
   \   0000                    RSEG    CONST(0)
   \   0000                    RSEG    UDATA0(0)
   \   0000                    EXTERN  io_disp_set
   \   0000                    EXTERN  mcpBlinkCount
   \   0000                    EXTERN  mcpSwitchIn
   \   0000                    PUBLIC  timer_0_func
   \   0000                    PUBLIC  timer_1_func
   \   0000                    EXTERN  ?CL64180L_4_04_L00
   \   0000                    RSEG    CODE
   \   0000            timer_1_func:
      1          /********************************************************************
      2                  【香港地下鉄向け自動列車放送制御装置】
      3          *-------------------------------------------------------------------*
      4                  通信制御モジュール
      5          *-------------------------------------------------------------------*
      6                  Author          TOA Corporation
      7          
      8                  Revision        a00. 2000/06/27         K.Honda
      9          
     10          *********************************************************************/
     11          
     12          #include "IOFUNC.h"
     13          
     14          #include "COMMDEF.h"
     15          
     16          /*@@@S*/
     17          /*・・・・・・・・・・・・・・・・・・・・・・・・・・・・・・・・・・・・・・
     18                  グローバル変数
     19          ・・・・・・・・・・・・・・・・・・・・・・・・・・・・・・・・・・・・・・*/
     20          
     21          /*・・・・・・・・・・・・・・・・・・・・・・・・・・・・・・・・・・・・・・
     22                  ローカル定数定義
     23          ・・・・・・・・・・・・・・・・・・・・・・・・・・・・・・・・・・・・・・*/
     24          
     25          
     26          /*・・・・・・・・・・・・・・・・・・・・・・・・・・・・・・・・・・・・・・
     27                  ローカル構造体定義
     28          ・・・・・・・・・・・・・・・・・・・・・・・・・・・・・・・・・・・・・・*/
     29          
     30          /*・・・・・・・・・・・・・・・・・・・・・・・・・・・・・・・・・・・・・・
     31                  ローカルテーブル
     32          ・・・・・・・・・・・・・・・・・・・・・・・・・・・・・・・・・・・・・・*/
     33          
     34          static  const   char    col_pos[] =
     35          {
     36                          0x10,0x11,0x12,0x13,0x14,0x15,0x16,0x17,
     37                          0x08,0x09,0x0A,0x0B,0x0C,0x0D,0x0E,0x0F
     38          };
     39          
     40          /*・・・・・・・・・・・・・・・・・・・・・・・・・・・・・・・・・・・・・・
     41                          外部参照
     42          ・・・・・・・・・・・・・・・・・・・・・・・・・・・・・・・・・・・・・・*/
     43          
     44          /*・・・・・・・・・・・・・・・・・・・・・・・・・・・・・・・・・・・・・・
     45                          ローカル変数
     46          ・・・・・・・・・・・・・・・・・・・・・・・・・・・・・・・・・・・・・・*/
     47          
     48          static  char    colCount;                                       /*カラムカウンター*/
     49          
     50          
     51          /*@@@E*/
     52          /************************************************************************
     53          
     54                  Function name   << timer_1_func >>
     55                                                  １０ｍＳタイマー割り込み処理
     56                  Syntax                  timer_1_func( void );
     57                  Argument                none
     58                  Author                  TOA Corporation  K.Honda
     59                  Revision                a00 2000/06/27
     60          
     61          *************************************************************************/
     62          void timer_1_func( void )
     63          {
     64          extern  void mcpSwitchIn( void );
     65          extern  void mcpBlinkCount( void );
     66          
     67                          mcpSwitchIn();
   \   0000  CD0000            CALL    mcpSwitchIn
     68                          mcpBlinkCount();
   \   0003  CD0000            CALL    mcpBlinkCount
     69          }
   \   0006  C9                RET
   \   0007            timer_0_func:
     70          
     71          /************************************************************************
     72          
     73                  Function name   << timer_0_func >>
     74                                                  １ｍＳタイマー割り込み処理
     75                  Syntax                  timer_0_func( void );
     76                  Argument                none
     77                  Author                  TOA Corporation  K.Honda
     78                  Revision                a00 2000/06/27
     79          
     80          *************************************************************************/
     81          void timer_0_func( void )
     82          {
   \   0007  D5                PUSH    DE
     83                          io_disp_set( colCount );
   \   0008  ED5B0000          LD      DE,(colCount)
   \   000C  CD0000            CALL    io_disp_set
     84          
     85                          colCount++;
   \   000F  210000            LD      HL,colCount
   \   0012  34                INC     (HL)
     86                          colCount&=0x0F;                 /*カラムカウンターを０から１５で進める*/
   \   0013  3A0000            LD      A,(colCount)
   \   0016  E60F              AND     15
   \   0018  320000            LD      (colCount),A
     87          }
   \   001B  D1                POP     DE
   \   001C  C9                RET
     88          
   \   0000                    RSEG    CONST
   \   0000            col_pos:
   \   0000  10                DEFB    16
   \   0001  11                DEFB    17
   \   0002  12                DEFB    18
   \   0003  13                DEFB    19
   \   0004  14                DEFB    20
   \   0005  15                DEFB    21
   \   0006  16                DEFB    22
   \   0007  17                DEFB    23
   \   0008  08                DEFB    8
   \   0009  09                DEFB    9
   \   000A  0A                DEFB    10
   \   000B  0B                DEFB    11
   \   000C  0C                DEFB    12
   \   000D  0D                DEFB    13
   \   000E  0E                DEFB    14
   \   000F  0F                DEFB    15
   \   0000                    RSEG    UDATA0
   \   0000            colCount:
   \   0001                    DEFS    1
   \   0001                    END

Errors: none
Warnings: none
Code size: 29
Constant size: 16
Static variable size: Data(1) Iram(0)

