##############################################################################
#                                                                            #
# IAR Z80/64180 C-Compiler V4.04D/386                                        #
# Front End V4.20N                                     17/Dec/2002  10:32:19 #
# Global Optimizer V1.05D                                                    #
#                                                                            #
#       Target option =  64180                                               #
#       Memory model  =  large                                               #
#       Source file   =  .\src\paainit.c                                     #
#       List file     =  .\obj\paainit.lst                                   #
#       Object file   =  .\obj\paainit.r01                                   #
#       ASM file      =  .\obj\paainit.s01                                   #
#       Command line  =  .\src\paaInit.c -o .\obj\paaInit.r01 -P -gA -s -v1  #
#                        -rn -ml -I.\inc\ -I..\comminc\ -DSIM=0 -a           #
#                        .\obj\paaInit.s01 -l .\obj\paaInit.lst -q           #
#                                                                            #
#                                             (c) Copyright IAR Systems 1996 #
##############################################################################

   \   0000                    NAME    paainit(16)
   \   0000                    RSEG    CODE(0)
   \   0000                    EXTERN  HALTCPU
   \   0000                    EXTERN  io_output_on4
   \   0000                    PUBLIC  paaInitialize
   \   0000                    EXTERN  ram_check
   \   0000                    EXTERN  rom_check
   \   0000                    EXTERN  ?CL64180L_4_04_L00
   \   0000                    RSEG    CODE
   \   0000            paaInitialize:
      1          /********************************************************************
      2                  【香港地下鉄向け自動列車放送制御装置】
      3          *-------------------------------------------------------------------*
      4                  初期設定モジュール
      5          *-------------------------------------------------------------------*
      6                  Author          TOA Corporation
      7                                                                                                                                                  *
      8                  Revision        a00. 2000/06/27         K.Honda
      9          
     10          *********************************************************************/
     11          
     12          #include "IOFUNC.h"
     13          
     14          #include "COMMDEF.h"
     15          
     16          /*@@@S*/
     17          /*・・・・・・・・・・・・・・・・・・・・・・・・・・・・・・・・・・・・・・
     18                  グローバル変数
     19          ・・・・・・・・・・・・・・・・・・・・・・・・・・・・・・・・・・・・・・*/
     20          
     21          /*・・・・・・・・・・・・・・・・・・・・・・・・・・・・・・・・・・・・・・
     22                  ローカル定数定義
     23          ・・・・・・・・・・・・・・・・・・・・・・・・・・・・・・・・・・・・・・*/
     24          
     25          
     26          /*・・・・・・・・・・・・・・・・・・・・・・・・・・・・・・・・・・・・・・
     27                  ローカル構造体定義
     28          ・・・・・・・・・・・・・・・・・・・・・・・・・・・・・・・・・・・・・・*/
     29          
     30          /*・・・・・・・・・・・・・・・・・・・・・・・・・・・・・・・・・・・・・・
     31                  ローカルテーブル
     32          ・・・・・・・・・・・・・・・・・・・・・・・・・・・・・・・・・・・・・・*/
     33          
     34          
     35          /*・・・・・・・・・・・・・・・・・・・・・・・・・・・・・・・・・・・・・・
     36                          外部参照
     37          ・・・・・・・・・・・・・・・・・・・・・・・・・・・・・・・・・・・・・・*/
     38          
     39          
     40          /*・・・・・・・・・・・・・・・・・・・・・・・・・・・・・・・・・・・・・・
     41                          ローカル変数
     42          ・・・・・・・・・・・・・・・・・・・・・・・・・・・・・・・・・・・・・・*/
     43          
     44          /*@@@E*/
     45          /************************************************************************
     46          
     47                  Function name   << paaInitialize >>
     48                                                  ＰＡＡ初期設定
     49                  Syntax                  paaIntialize( void );
     50                  Argument                none
     51                  Author                  TOA Corporation  K.Honda
     52                  Revision                a00 2000/06/27
     53          
     54          *************************************************************************/
     55          void paaInitialize( void )
     56          {
   \   0000  D5                PUSH    DE
     57                  if( ram_check() ){
   \   0001  CD0000            CALL    ram_check
   \   0004  7D                LD      A,L
   \   0005  B4                OR      H
   \   0006  2808              JR      Z,?0001
   \   0008            ?0000:
     58                          io_output_on4( 0x01 );
   \   0008  1E01              LD      E,1
   \   000A  CD0000            CALL    io_output_on4
     59                          HALTCPU();
   \   000D  CD0000            CALL    HALTCPU
   \   0010            ?0001:
     60                  }
     61          
     62                  if( rom_check() ){
   \   0010  CD0000            CALL    rom_check
   \   0013  7D                LD      A,L
   \   0014  B4                OR      H
   \   0015  2808              JR      Z,?0003
   \   0017            ?0002:
     63                          io_output_on4( 0x02 );
   \   0017  1E02              LD      E,2
   \   0019  CD0000            CALL    io_output_on4
     64                          HALTCPU();
   \   001C  CD0000            CALL    HALTCPU
   \   001F            ?0003:
     65                  }
     66          }
   \   001F  D1                POP     DE
   \   0020  C9                RET
     67          
   \   0021                    END

Errors: none
Warnings: none
Code size: 33
Constant size: 0
Static variable size: Data(0) Iram(0)

