###############################################################################
#                                                                             #
#     IAR Systems Z80/64180 Assembler V3.04B/386 17/Dec/2002  10:32:18        #
#                                                                             #
#           Internal versions FE1.25O CO1.11H BE3.04B                         #
#                                                                             #
#           Target option =  64180                                            #
#           Source file   =  .\src\paatimea.msa                               #
#           List file     =  .\obj\paatimea.lst                               #
#           Object file   =  .\obj\paatimea.r01                               #
#           Command line  =  -v1 -X -S+ .\src\paaTimeA.msa -o .\obj\paaTimeA  #
#                            -l .\obj\paaTimeA                                #
#                                                                             #
#                                              (c) Copyright IAR Systems 1998 #
###############################################################################

      1    000000          ;/*[paaTimeA.ASM]***********************************
                           ************************
      2    000000          ;*      ЃyЌЃЌ`’n‰є“SЃ@Ћ©“®•ъ‘—ђ§ЊдЃz                
                                            *
      3    000000          ;*--------------------------------------------------
                           -----------------*
      4    000000          ;*      ѓ^ѓCѓ}Ѓ[ѓЊѓxѓ‹‚Oѓ‚ѓWѓ…Ѓ[ѓ‹                  
                                                    *
      5    000000          ;*--------------------------------------------------
                           -----------------*
      6    000000          ;*    Author    TOA Corporation   K.Honda
      7    000000          ;*                                                  
                                            *
      8    000000          ;*    Revison   a00. 2000/06/26
      9    000000          ;*                                                  
                                            *
     10    000000          ;***************************************************
                           *****************/
     11    000000                  module  'ЌЃЌ`’n‰є“S AAU PAA S/W'
     12    000000          $.\INC\PAAHW.INC
     13    000000          
     14    000000          ;.†Ј†Ј†Ј†Ј†Ј†Ј†Ј†Ј†Ј†Ј†Ј†Ј†Ј†Ј†Ј†Ј†Ј†Ј†Ј†Ј†Ј†Ј†Ј†Ј†Ј
                           †Ј†Ј†Ј†Ј†Ј†Ј†Ј†Ј†Ј
     15    000000          ;.      ѓvѓЌѓOѓ‰ѓЂ•”
     16    000000          ;.†Ј†Ј†Ј†Ј†Ј†Ј†Ј†Ј†Ј†Ј†Ј†Ј†Ј†Ј†Ј†Ј†Ј†Ј†Ј†Ј†Ј†Ј†Ј†Ј†Ј
                           †Ј†Ј†Ј†Ј†Ј†Ј†Ј†Ј†Ј
     17    000000                  RSEG    RCODE:CODE
     18    000000          
     19    000000          ;/**************************************************
                           *********************
     20    000000          ;*                                                  
                                               *
     21    000000          ;*      Function name   << timer_0_initialize >>    
                                               *
     22    000000          ;*                      ѓ^ѓCѓ}‚O‚МЏ‰Љъ‰»            
                                               *
     23    000000          ;*                      ‚P‚O‚Ќ‚rѓ^ѓCѓ}Ѓ[‚МЌмђ¬
     24    000000          ;*      Syntax          timer_0_initialize();       
                                               *
     25    000000          ;*      Argument        none                        
                                               *
     26    000000          ;*    Author    TOA Corporation   K.Honda
     27    000000          ;*    Revison   a00. 2000/06/26
     28    000000          ;*                                                  
                                               *
     29    000000          ;***************************************************
                           *********************/
     30    000000          ;.†Ј†Ј†Ј†Ј†Ј†Ј†Ј†Ј†Ј†Ј†Ј†Ј†Ј†Ј†Ј†Ј†Ј†Ј†Ј†Ј†Ј†Ј†Ј†Ј†Ј
                           †Ј†Ј†Ј†Ј†Ј†Ј†Ј†Ј†Ј†Ј
     31    000000          ; Ѓњѓ^ѓCѓ}‚O‚МЏ‰Љъ‰»‚рЌs‚¤ЃB
     32    000000          ;
     33    000000          ;   ЃEѓ^ѓCѓ}Ѓ|ѓfЃ|ѓ^ѓЊѓWѓXѓ^‚Й1‚рѓZѓbѓgЃB
     34    000000          ;   ЃEѓ^ѓCѓ}Ѓ|ѓЉѓЌЃ|ѓhѓЊѓWѓXѓ^‚ЙTM0CNST‚ЕЋ¦‚і‚к‚й’l‚
                           рѓZѓbѓgЃB
     35    000000          ;   ЃEѓ^ѓCѓ}Ѓ|ѓRѓ“ѓgѓЌЃ|ѓ‹ѓЊѓWѓXѓ^‚Йѓ^ѓCѓ}‚O‚М“®Ќм‹–
                           ‰ВЃAЉ„‚иЌћ‚Э‹–‰В‚рѓZѓbѓgЃB
     36    000000          ;.†Ј†Ј†Ј†Ј†Ј†Ј†Ј†Ј†Ј†Ј†Ј†Ј†Ј†Ј†Ј†Ј†Ј†Ј†Ј†Ј†Ј†Ј†Ј†Ј†Ј
                           †Ј†Ј†Ј†Ј†Ј†Ј†Ј†Ј†Ј†Ј
     37    000000                  public  timer_0_initialize      ;.(Function)
     38    000000          timer_0_initialize:
     39    000000 F5               push    af
     40    000001 E5               push    hl
     41    000002          
     42    000002 ED3810           in0     a,(TCR)                 ;. timer
                                                                    control
                                                                    register
     43    000005 E6EE             and             BINNOT 11h                  
                                                       ;. timer0 initial
     44    000007 ED3910           out0    (TCR),a
     45    00000A          
     46    00000A 21FF00           ld      hl,00FFh                        ;.
                                               set timer data resister
     47    00000D 7D               ld      a,l
     48    00000E ED390C           out0    (TMDR0L),a
     49    000011 7C               ld      a,h
     50    000012 ED390D           out0    (TMDR0H),a
     51    000015          
     52    000015 21000C           ld      hl,TM0CNST              ;. set timer
                                                                    reload
                                                                    resister
     53    000018 7D               ld      a,l                     ;. 10ms
                                                                    set
     54    000019 ED390E           out0    (RLDR0L),a
     55    00001C 7C               ld      a,h
     56    00001D ED390F           out0    (RLDR0H),a
     57    000020          
     58    000020 ED3810           in0     a,(TCR)                 ;. timer
                                                                    control
                                                                    register
     59    000023 F611             or      11h                     ;. timer0
                                                                    start
     60    000025 ED3910           out0    (TCR),a
     61    000028          
     62    000028 E1               pop     hl
     63    000029 F1               pop     af
     64    00002A C9               ret
     65    00002B          
     66    00002B          
     67    00002B          ;/**************************************************
                           *********************
     68    00002B          ;*                                                  
                                               *
     69    00002B          ;*      Function name   << timer_0_ir >>            
                                               *
     70    00002B          ;*                      ѓ^ѓCѓ}‚O‚МЉ„‚иЌћ‚ЭЏ€—ќ      
                                               *
     71    00002B          ;*      Syntax          timer_0_ir();               
                                               *
     72    00002B          ;*      Argument        none                        
                                               *
     73    00002B          ;*      Author          TOA Corporation  T.takehisa 
                                               *
     74    00002B          ;*      Revision        a00 1993/06/08              
                                               *
     75    00002B          ;*                                                  
                                               *
     76    00002B          ;***************************************************
                           *********************/
     77    00002B          ;.†ў†ў†ў†ў†ў†ў†ў†ў†ў†ў†ў†ў†ў†ў†ў†ў†ў†ў†ў†ў†ў†ў†ў†ў†ў
                           †ў†ў†ў†ў†ў†ў†ў†ў†ў
     78    00002B          ;Ѓ@10ms’P€К‚Й‚±‚Мѓ‹Ѓ[ѓ`ѓ“‚ЄЊД‚СЏo‚і‚к‚йЃB
     79    00002B          ;       Џ€—ќ“а—eЃF
     80    00002B          ;       Ѓ@ЃњЃ@Џг€Кѓ‚ѓWѓ…Ѓ[ѓ‹—pѓ^ѓCѓ}‚рЊё‚¶‚йЃBЃ@Ѓ@Ѓ@
                           Ѓ@Ѓ@(Timer_Dec)
     81    00002B          ;       Ѓ@ЃњЃ@‚hЃ^‚nѓ|Ѓ|ѓgѓ`ѓѓѓ^ѓЉѓ“ѓOѓ}ѓXѓNѓЉЃ|ѓhЏ€
                           —ќЃB(port_read)
     82    00002B          ;       Ѓ@ЃњЃ@’КђMЏ€—ќ‚рЌs‚¤ЃB                      
                               (network)
     83    00002B          ;.†ў†ў†ў†ў†ў†ў†ў†ў†ў†ў†ў†ў†ў†ў†ў†ў†ў†ў†ў†ў†ў†ў†ў†ў†ў
                           †ў†ў†ў†ў†ў†ў†ў†ў†ў
     84    000000                  public  timer_0_ir              ;.
     85    000000                  extern  timer_0_func            ;.(Function)
     86    00002B          timer_0_ir:
     87    00002B F3               di                              ;.
                                                                    Љ„‚иЌћ‚Э‹ЦЋ
                                                                   ~
     88    00002C F5               push    af
     89    00002D C5               push    bc
     90    00002E D5               push    de
     91    00002F E5               push    hl
     92    000030 DDE5             push    ix
     93    000032 FDE5             push    iy
     94    000034          
     95    000034 ED3810           in0     a,(TCR)
     96    000037 E640             and     40h                     ;. if
                                                                    TIF0==1
                                                                    then
                                                                    irq
     97    000039 CA....           jp      z,timer_0_ir999
     98    00003C          
     99    00003C ED380C           in0     a,(TMDR0L)              ;. reset int
                                                                    timer
    100    00003F ED380D           in0     a,(TMDR0H)              ;.
    101    000042          
    102    000042 21....           ld      hl, timer_0_ir100       ;.
                                                                    АІП°Љ„‚иЌћ‚
                                                                   Э‚ж‚и‚аЃA‰є€
                                                                   К‚МЉ„‚иЌћ‚Э‚
                                                                   р
    103    000045 E5               push    hl                      ;.
                                                                    Ћу‚Ї•t‚Ї‚й‚
                                                                   Ѕ‚Я‚ЙАІП°‚МЉ
                                                                   „‚иЌћ‚Э—v‹Ѓ‚
                                                                   р
    104    000046 ED4D             reti                            ;.
                                                                    ЏБ‚·ЃB
    105    000048                  
    106    000048          timer_0_ir100:
    107    000048 CD....           call    timer_0_func
    108    00004B          
    109    00004B          timer_0_ir900:                          ;.
                            АІП°Џ€—ќЋћ‚МЏI—№Џ€—ќ
    110    00004B          
    111    00004B FDE1             pop     iy
    112    00004D DDE1             pop     ix
    113    00004F E1               pop     hl
    114    000050 D1               pop     de
    115    000051 C1               pop     bc
    116    000052 F1               pop     af
    117    000053 FB               ei                              ;.
                                                                    Љ„‚иЌћ‚Э‹–‰
                                                                   В
    118    000054 C9               ret
    119    000055          
    120    000055          timer_0_ir999:                          ;.
                            АІП-”сЏ€—ќЋћ‚МЏI—№Џ€—ќ
    121    000055 FDE1             pop     iy
    122    000057 DDE1             pop     ix
    123    000059 E1               pop     hl
    124    00005A D1               pop     de
    125    00005B C1               pop     bc
    126    00005C F1               pop     af
    127    00005D FB               ei                              ;.
                                                                    Љ„‚иЌћ‚Э‹–‰
                                                                   В
    128    00005E ED4D             reti
    129    000060          
    130    000060          ;/**************************************************
                           *********************
    131    000060          ;*                                                  
                                               *
    132    000060          ;*      Function name   << timer_1_initialize >>    
                                               *
    133    000060          ;*                      ѓ^ѓCѓ}‚O‚МЏ‰Љъ‰»            
                                               *
    134    000060          ;*                      ‚P‚Ќ‚rѓ^ѓCѓ}Ѓ[‚МЌмђ¬
    135    000060          ;*      Syntax          timer_0_initialize();       
                                               *
    136    000060          ;*      Argument        none                        
                                               *
    137    000060          ;*    Author    TOA Corporation   K.Honda
    138    000060          ;*    Revison   a00. 2000/06/26
    139    000060          ;*                                                  
                                               *
    140    000060          ;***************************************************
                           *********************/
    141    000060          ;.†Ј†Ј†Ј†Ј†Ј†Ј†Ј†Ј†Ј†Ј†Ј†Ј†Ј†Ј†Ј†Ј†Ј†Ј†Ј†Ј†Ј†Ј†Ј†Ј†Ј
                           †Ј†Ј†Ј†Ј†Ј†Ј†Ј†Ј†Ј†Ј
    142    000060          ; Ѓњѓ^ѓCѓ}‚P‚МЏ‰Љъ‰»‚рЌs‚¤ЃB
    143    000060          ;
    144    000060          ;   ЃEѓ^ѓCѓ}Ѓ|ѓfЃ|ѓ^ѓЊѓWѓXѓ^‚Й1‚рѓZѓbѓgЃB
    145    000060          ;   ЃEѓ^ѓCѓ}Ѓ|ѓЉѓЌЃ|ѓhѓЊѓWѓXѓ^‚ЙTM1CNST‚ЕЋ¦‚і‚к‚й’l‚
                           рѓZѓbѓgЃB
    146    000060          ;   ЃEѓ^ѓCѓ}Ѓ|ѓRѓ“ѓgѓЌЃ|ѓ‹ѓЊѓWѓXѓ^‚Йѓ^ѓCѓ}‚P‚М“®Ќм‹–
                           ‰ВЃAЉ„‚иЌћ‚Э‹–‰В‚рѓZѓbѓgЃB
    147    000060          ;.†Ј†Ј†Ј†Ј†Ј†Ј†Ј†Ј†Ј†Ј†Ј†Ј†Ј†Ј†Ј†Ј†Ј†Ј†Ј†Ј†Ј†Ј†Ј†Ј†Ј
                           †Ј†Ј†Ј†Ј†Ј†Ј†Ј†Ј†Ј†Ј
    148    000000                  public  timer_1_initialize      ;.(Function)
    149    000060          timer_1_initialize:
    150    000060 F5               push    af
    151    000061 E5               push    hl
    152    000062          
    153    000062 ED3810           in0     a,(TCR)                 ;. timer
                                                                    control
                                                                    register
    154    000065 E6DD             and     BINNOT 22h                      ;.
                                            timer1 initial
    155    000067 ED3910           out0    (TCR),a
    156    00006A          
    157    00006A 21FF00           ld      hl,000FFh               ;. set timer
                                                                    data
                                                                    resister
    158    00006D 7D               ld      a,l
    159    00006E ED3914           out0    (TMDR1L),a
    160    000071 7C               ld      a,h
    161    000072 ED3915           out0    (TMDR1H),a
    162    000075          
    163    000075 213301           ld      hl,TM1CNST              ;. set timer
                                                                    reload
                                                                    resister
    164    000078 7D               ld      a,l                     ;. 1ms
                                                                    set
    165    000079 ED3916           out0    (RLDR1L),a
    166    00007C 7C               ld      a,h
    167    00007D ED3917           out0    (RLDR1H),a
    168    000080          
    169    000080 ED3810           in0     a,(TCR)                 ;. timer
                                                                    control
                                                                    register
    170    000083 F622             or      22h                     ;. timer1
                                                                    start
    171    000085 ED3910           out0    (TCR),a
    172    000088          
    173    000088 E1               pop     hl
    174    000089 F1               pop     af
    175    00008A C9               ret
    176    00008B          
    177    00008B          
    178    00008B          ;/**************************************************
                           *********************
    179    00008B          ;*                                                  
                                               *
    180    00008B          ;*      Function name   << timer_1_ir >>            
                                               *
    181    00008B          ;*                      ѓ^ѓCѓ}‚P‚МЉ„‚иЌћ‚ЭЏ€—ќ      
                                               *
    182    00008B          ;*      Syntax          timer_0_ir();               
                                               *
    183    00008B          ;*      Argument        none                        
                                               *
    184    00008B          ;*      Author          TOA Corporation  T.takehisa 
                                               *
    185    00008B          ;*      Revision        a00 1993/06/08              
                                               *
    186    00008B          ;*                                                  
                                               *
    187    00008B          ;***************************************************
                           *********************/
    188    00008B          ;.†ў†ў†ў†ў†ў†ў†ў†ў†ў†ў†ў†ў†ў†ў†ў†ў†ў†ў†ў†ў†ў†ў†ў†ў†ў
                           †ў†ў†ў†ў†ў†ў†ў†ў†ў
    189    00008B          ;Ѓ@1ms’P€К‚Й‚±‚Мѓ‹Ѓ[ѓ`ѓ“‚ЄЊД‚СЏo‚і‚к‚йЃB
    190    00008B          ;       Џ€—ќ“а—eЃF
    191    00008B          ;       Ѓ@ЃњЃ@Џг€Кѓ‚ѓWѓ…Ѓ[ѓ‹—pѓ^ѓCѓ}‚рЊё‚¶‚йЃBЃ@Ѓ@Ѓ@
                           Ѓ@Ѓ@(Timer_Dec)
    192    00008B          ;       Ѓ@ЃњЃ@‚hЃ^‚nѓ|Ѓ|ѓgѓ`ѓѓѓ^ѓЉѓ“ѓOѓ}ѓXѓNѓЉЃ|ѓhЏ€
                           —ќЃB(port_read)
    193    00008B          ;       Ѓ@ЃњЃ@’КђMЏ€—ќ‚рЌs‚¤ЃB                      
                               (network)
    194    00008B          ;.†ў†ў†ў†ў†ў†ў†ў†ў†ў†ў†ў†ў†ў†ў†ў†ў†ў†ў†ў†ў†ў†ў†ў†ў†ў
                           †ў†ў†ў†ў†ў†ў†ў†ў†ў
    195    000000                  public  timer_1_ir              ;.
    196    000000                  extern  timer_1_func            ;.(Function)
    197    00008B          timer_1_ir:
    198    00008B F3               di                              ;.
                                                                    Љ„‚иЌћ‚Э‹ЦЋ
                                                                   ~
    199    00008C F5               push    af
    200    00008D C5               push    bc
    201    00008E D5               push    de
    202    00008F E5               push    hl
    203    000090 DDE5             push    ix
    204    000092 FDE5             push    iy
    205    000094          
    206    000094 ED3810           in0     a,(TCR)
    207    000097 CB7F             BIT     7,A                     ;. if
                                                                    TIF1==1
                                                                    then
                                                                    irq
    208    000099 CA....           jp      z,timer_1_ir999
    209    00009C          
    210    00009C E6DD             AND     BINNOT 22h
    211    00009E ED3910           OUT0    (TCR),A
    212    0000A1          
    213    0000A1 21....           ld      hl, timer_1_ir100       ;.
                                                                    АІП°Љ„‚иЌћ‚
                                                                   Э‚ж‚и‚аЃA‰є€
                                                                   К‚МЉ„‚иЌћ‚Э‚
                                                                   р
    214    0000A4 E5               push    hl                      ;.
                                                                    Ћу‚Ї•t‚Ї‚й‚
                                                                   Ѕ‚Я‚ЙАІП°‚МЉ
                                                                   „‚иЌћ‚Э—v‹Ѓ‚
                                                                   р
    215    0000A5 ED4D             reti                            ;.
                                                                    ЏБ‚·ЃB
    216    0000A7                  
    217    0000A7          timer_1_ir100:
    218    0000A7 FB               ei
    219    0000A8 CD....           call    timer_1_func
    220    0000AB          
    221    0000AB F3               di
    222    0000AC ED3810           IN0             A,(TCR)
    223    0000AF F622             OR              22h
    224    0000B1 ED3910           OUT0    (TCR),A
    225    0000B4          
    226    0000B4 ED3814           in0     a,(TMDR1L)              ;. reset int
                                                                    timer
    227    0000B7 ED3815           in0     a,(TMDR1H)              ;.
    228    0000BA          
    229    0000BA          timer_1_ir900:                          ;.
                            АІП°Џ€—ќЋћ‚МЏI—№Џ€—ќ
    230    0000BA          
    231    0000BA          
    232    0000BA FDE1             pop     iy
    233    0000BC DDE1             pop     ix
    234    0000BE E1               pop     hl
    235    0000BF D1               pop     de
    236    0000C0 C1               pop     bc
    237    0000C1 F1               pop     af
    238    0000C2 FB               ei                              ;.
                                                                    Љ„‚иЌћ‚Э‹–‰
                                                                   В
    239    0000C3 C9               ret
    240    0000C4          
    241    0000C4          timer_1_ir999:                          ;.
                            АІП-”сЏ€—ќЋћ‚МЏI—№Џ€—ќ
    242    0000C4 FDE1             pop     iy
    243    0000C6 DDE1             pop     ix
    244    0000C8 E1               pop     hl
    245    0000C9 D1               pop     de
    246    0000CA C1               pop     bc
    247    0000CB F1               pop     af
    248    0000CC FB               ei                              ;.
                                                                    Љ„‚иЌћ‚Э‹–‰
                                                                   В
    249    0000CD ED4D             reti
    250    0000CF          
    251    0000CF          
    252    0000CF          
    253    0000CF                  END
##############################
#          CRC:4B6D          #
#        Errors:   0         #
#        Warnings: 0         #
#         Bytes: 207         #
##############################



