*** H8S,H8/300 ASSEMBLER Ver. 3.0B ***  08/26/25 09:47:03                                                                PAGE     1
PROGRAM NAME =

    1                             1     ;------------------------------------------------------------------------
    2                             2     ;                                                                       |
    3                             3     ;   FILE        :lowlvl.src                                             |
    4                             4     ;   DATE        :Thu, Jul 27, 2000                                      |
    5                             5     ;   DESCRIPTION :Program of Low level                                   |
    6                             6     ;   CPU TYPE    :H8/3002                                                |
    7                             7     ;                                                                       |
    8                             8     ;   This file is generated by Hitachi Project Generator (Ver.1.1).      |
    9                             9     ;                                                                       |
   10                            10     ;------------------------------------------------------------------------
   11                            11     
   12                            12     
   13 000000                     13              .SECTION   P,CODE,ALIGN=2
   14                            14     
   15                            15              .EXPORT    _dosaccs_trap
   16                            16     
   17                            17     ;-----------------------------------------------------------------------
   18                            18     ; _dosaccs_trap:
   19                            19     ;-----------------------------------------------------------------------
   20 000000                     20     _dosaccs_trap:
   21 000000 5720                21                     TRAPA           #2
   22 000002 5470                22                     RTS
   23                            23     
   24                            24              .EXPORT    _Halt
   25                            25     
   26                            26     ;-----------------------------------------------------------------------
   27                            27     ; _Halt:
   28                            28     ;-----------------------------------------------------------------------
   29 000004                     29     _Halt:
   30 000004 5730                30                     TRAPA           #3
   31 000006 5470                31                     RTS
   32                            32     
   33                            33              .EXPORT    _RESET
   34                            34     ;-----------------------------------------------------------------------
   35                            35     ; _RESET:
   36                            36     ;-----------------------------------------------------------------------
   37 000008                     37     _RESET:
   38 000008 5A000400            38                     JMP             @1024:24
   39                            39     
   40                            40              .END
  *****TOTAL ERRORS       0
  *****TOTAL WARNINGS     0
*** H8S,H8/300 ASSEMBLER Ver. 3.0B ***  08/26/25 09:47:03                                                                PAGE     2

*** CROSS REFERENCE LIST

NAME                             SECTION  ATTR VALUE             SEQUENCE

P                                P        SCT  00000000     13*
_Halt                            P        EXPT 00000004     24    29*
_RESET                           P        EXPT 00000008     33    37*
_dosaccs_trap                    P        EXPT 00000000     15    20*
*** H8S,H8/300 ASSEMBLER Ver. 3.0B ***  08/26/25 09:47:03                                                                PAGE     3

*** SECTION DATA LIST

SECTION                          ATTRIBUTE    SIZE             START

P                                REL-CODE    000000C          
