*** H8S,H8/300 ASSEMBLER Ver. 3.0B ***  11/24/00 08:50:49                                                                PAGE     1
PROGRAM NAME =

    1                             1     ;------------------------------------------------------------------------
    2                             2     ;                                                                       |
    3                             3     ;   FILE        :lowlvl.src                                             |
    4                             4     ;   DATE        :Thu, Jul 27, 2000                                      |
    5                             5     ;   DESCRIPTION :Program of Low level                                   |
    6                             6     ;   CPU TYPE    :H8/3002                                                |
    7                             7     ;                                                                       |
    8                             8     ;   This file is generated by Hitachi Project Generator (Ver.1.1).      |
    9                             9     ;                                                                       |
   10                            10     ;------------------------------------------------------------------------
   11                            11     
   12                            12     
   13 000000                     13              .SECTION   P,CODE,ALIGN=2
   14                            14     
   15                            15              .EXPORT    _Halt
   16                            16     
   17                            17     ;-----------------------------------------------------------------------
   18                            18     ; _Halt:
   19                            19     ;-----------------------------------------------------------------------
   20 000000                     20     _Halt:
   21 000000 5730                21                     TRAPA           #3
   22 000002 5470                22                     RTS
   23                            23     
   24                            24              .END
  *****TOTAL ERRORS       0
  *****TOTAL WARNINGS     0
*** H8S,H8/300 ASSEMBLER Ver. 3.0B ***  11/24/00 08:50:49                                                                PAGE     2

*** CROSS REFERENCE LIST

NAME                             SECTION  ATTR VALUE             SEQUENCE

P                                P        SCT  00000000     13*
_Halt                            P        EXPT 00000000     15    20*
*** H8S,H8/300 ASSEMBLER Ver. 3.0B ***  11/24/00 08:50:49                                                                PAGE     3

*** SECTION DATA LIST

SECTION                          ATTRIBUTE    SIZE             START

P                                REL-CODE    0000004          
